[0.026s] Invoking command in '/home/nimrod/Desktop/my_robot/my_robot-main/build/prac_robot_description': CMAKE_PREFIX_PATH=${CMAKE_PREFIX_PATH}:/opt/ros/jazzy DEBUGINFOD_URLS=https://debuginfod.ubuntu.com /usr/bin/cmake /home/nimrod/Desktop/my_robot/my_robot-main/src/prac_robot_description -DCMAKE_INSTALL_PREFIX=/home/nimrod/Desktop/my_robot/my_robot-main/install/prac_robot_description
[0.055s] -- Found ament_cmake: 2.5.4 (/opt/ros/jazzy/share/ament_cmake/cmake)
[0.460s] -- Override CMake install command with custom implementation using symlinks instead of copying resources
[0.656s] -- Configuring done (0.6s)
[0.662s] -- Generating done (0.0s)
[0.665s] -- Build files have been written to: /home/nimrod/Desktop/my_robot/my_robot-main/build/prac_robot_description
[0.671s] Invoked command in '/home/nimrod/Desktop/my_robot/my_robot-main/build/prac_robot_description' returned '0': CMAKE_PREFIX_PATH=${CMAKE_PREFIX_PATH}:/opt/ros/jazzy DEBUGINFOD_URLS=https://debuginfod.ubuntu.com /usr/bin/cmake /home/nimrod/Desktop/my_robot/my_robot-main/src/prac_robot_description -DCMAKE_INSTALL_PREFIX=/home/nimrod/Desktop/my_robot/my_robot-main/install/prac_robot_description
[0.675s] Invoking command in '/home/nimrod/Desktop/my_robot/my_robot-main/build/prac_robot_description': CMAKE_PREFIX_PATH=${CMAKE_PREFIX_PATH}:/opt/ros/jazzy DEBUGINFOD_URLS=https://debuginfod.ubuntu.com /usr/bin/cmake --build /home/nimrod/Desktop/my_robot/my_robot-main/build/prac_robot_description -- -j4 -l4
[0.782s] Invoked command in '/home/nimrod/Desktop/my_robot/my_robot-main/build/prac_robot_description' returned '0': CMAKE_PREFIX_PATH=${CMAKE_PREFIX_PATH}:/opt/ros/jazzy DEBUGINFOD_URLS=https://debuginfod.ubuntu.com /usr/bin/cmake --build /home/nimrod/Desktop/my_robot/my_robot-main/build/prac_robot_description -- -j4 -l4
[0.807s] Invoking command in '/home/nimrod/Desktop/my_robot/my_robot-main/build/prac_robot_description': CMAKE_PREFIX_PATH=${CMAKE_PREFIX_PATH}:/opt/ros/jazzy DEBUGINFOD_URLS=https://debuginfod.ubuntu.com /usr/bin/cmake --install /home/nimrod/Desktop/my_robot/my_robot-main/build/prac_robot_description
[0.825s] -- Install configuration: ""
[0.827s] -- Execute custom install script
[0.828s] -- Symlinking: /home/nimrod/Desktop/my_robot/my_robot-main/install/prac_robot_description/share/prac_robot_description//urdf/gazebo.xacro
[0.850s] -- Up-to-date symlink: /home/nimrod/Desktop/my_robot/my_robot-main/install/prac_robot_description/share/prac_robot_description//urdf/mobile_base.xacro
[0.850s] -- Up-to-date symlink: /home/nimrod/Desktop/my_robot/my_robot-main/install/prac_robot_description/share/prac_robot_description//urdf/prac_robot.urdf.xacro
[0.851s] -- Up-to-date symlink: /home/nimrod/Desktop/my_robot/my_robot-main/install/prac_robot_description/share/prac_robot_description//urdf/properties.xacro
[0.851s] -- Up-to-date symlink: /home/nimrod/Desktop/my_robot/my_robot-main/install/prac_robot_description/share/prac_robot_description//launch/display.launch.xml
[0.852s] -- Up-to-date symlink: /home/nimrod/Desktop/my_robot/my_robot-main/install/prac_robot_description/share/prac_robot_description//launch/prac_robot_gazebo.launch.py
[0.852s] -- Up-to-date symlink: /home/nimrod/Desktop/my_robot/my_robot-main/install/prac_robot_description/share/prac_robot_description//launch/robot.launch.py
[0.853s] -- Up-to-date symlink: /home/nimrod/Desktop/my_robot/my_robot-main/install/prac_robot_description/share/prac_robot_description//launch/world.launch.py
[0.853s] -- Up-to-date symlink: /home/nimrod/Desktop/my_robot/my_robot-main/install/prac_robot_description/share/prac_robot_description//rviz/urdf_Config.rviz
[0.854s] -- Up-to-date symlink: /home/nimrod/Desktop/my_robot/my_robot-main/install/prac_robot_description/share/prac_robot_description//worlds/Trial_world.sdf
[0.855s] -- Up-to-date symlink: /home/nimrod/Desktop/my_robot/my_robot-main/install/prac_robot_description/share/ament_index/resource_index/package_run_dependencies/prac_robot_description
[0.855s] -- Up-to-date symlink: /home/nimrod/Desktop/my_robot/my_robot-main/install/prac_robot_description/share/ament_index/resource_index/parent_prefix_path/prac_robot_description
[0.856s] -- Up-to-date symlink: /home/nimrod/Desktop/my_robot/my_robot-main/install/prac_robot_description/share/prac_robot_description/environment/ament_prefix_path.sh
[0.857s] -- Up-to-date symlink: /home/nimrod/Desktop/my_robot/my_robot-main/install/prac_robot_description/share/prac_robot_description/environment/ament_prefix_path.dsv
[0.857s] -- Up-to-date symlink: /home/nimrod/Desktop/my_robot/my_robot-main/install/prac_robot_description/share/prac_robot_description/environment/path.sh
[0.858s] -- Up-to-date symlink: /home/nimrod/Desktop/my_robot/my_robot-main/install/prac_robot_description/share/prac_robot_description/environment/path.dsv
[0.859s] -- Up-to-date symlink: /home/nimrod/Desktop/my_robot/my_robot-main/install/prac_robot_description/share/prac_robot_description/local_setup.bash
[0.859s] -- Up-to-date symlink: /home/nimrod/Desktop/my_robot/my_robot-main/install/prac_robot_description/share/prac_robot_description/local_setup.sh
[0.860s] -- Up-to-date symlink: /home/nimrod/Desktop/my_robot/my_robot-main/install/prac_robot_description/share/prac_robot_description/local_setup.zsh
[0.860s] -- Up-to-date symlink: /home/nimrod/Desktop/my_robot/my_robot-main/install/prac_robot_description/share/prac_robot_description/local_setup.dsv
[0.861s] -- Symlinking: /home/nimrod/Desktop/my_robot/my_robot-main/install/prac_robot_description/share/prac_robot_description/package.dsv
[0.882s] -- Up-to-date symlink: /home/nimrod/Desktop/my_robot/my_robot-main/install/prac_robot_description/share/ament_index/resource_index/packages/prac_robot_description
[0.882s] -- Up-to-date symlink: /home/nimrod/Desktop/my_robot/my_robot-main/install/prac_robot_description/share/prac_robot_description/cmake/prac_robot_descriptionConfig.cmake
[0.883s] -- Up-to-date symlink: /home/nimrod/Desktop/my_robot/my_robot-main/install/prac_robot_description/share/prac_robot_description/cmake/prac_robot_descriptionConfig-version.cmake
[0.883s] -- Up-to-date symlink: /home/nimrod/Desktop/my_robot/my_robot-main/install/prac_robot_description/share/prac_robot_description/package.xml
[0.887s] Invoked command in '/home/nimrod/Desktop/my_robot/my_robot-main/build/prac_robot_description' returned '0': CMAKE_PREFIX_PATH=${CMAKE_PREFIX_PATH}:/opt/ros/jazzy DEBUGINFOD_URLS=https://debuginfod.ubuntu.com /usr/bin/cmake --install /home/nimrod/Desktop/my_robot/my_robot-main/build/prac_robot_description
