[0.281s] DEBUG:colcon:Command line arguments: ['/usr/bin/colcon', 'build']
[0.281s] DEBUG:colcon:Parsed command line arguments: Namespace(log_base=None, log_level=None, verb_name='build', build_base='build', install_base='install', merge_install=False, symlink_install=False, test_result_base=None, continue_on_error=False, executor='parallel', parallel_workers=4, event_handlers=None, ignore_user_meta=False, metas=['./colcon.meta'], base_paths=['.'], packages_ignore=None, packages_ignore_regex=None, paths=None, packages_up_to=None, packages_up_to_regex=None, packages_above=None, packages_above_and_dependencies=None, packages_above_depth=None, packages_select_by_dep=None, packages_skip_by_dep=None, packages_skip_up_to=None, packages_select_build_failed=False, packages_skip_build_finished=False, packages_select_test_failures=False, packages_skip_test_passed=False, packages_select=None, packages_skip=None, packages_select_regex=None, packages_skip_regex=None, packages_start=None, packages_end=None, allow_overriding=[], cmake_args=None, cmake_target=None, cmake_target_skip_unavailable=False, cmake_clean_cache=False, cmake_clean_first=False, cmake_force_configure=False, ament_cmake_args=None, catkin_cmake_args=None, catkin_skip_building_tests=False, mixin_files=None, mixin=None, verb_parser=<colcon_mixin.mixin.mixin_argument.MixinArgumentDecorator object at 0x7679b84a53a0>, verb_extension=<colcon_core.verb.build.BuildVerb object at 0x7679b84a5130>, main=<bound method BuildVerb.main of <colcon_core.verb.build.BuildVerb object at 0x7679b84a5130>>, mixin_verb=('build',))
[0.382s] Level 1:colcon.colcon_core.package_discovery:discover_packages(colcon_meta) check parameters
[0.383s] Level 1:colcon.colcon_core.package_discovery:discover_packages(recursive) check parameters
[0.383s] Level 1:colcon.colcon_core.package_discovery:discover_packages(ignore) check parameters
[0.383s] Level 1:colcon.colcon_core.package_discovery:discover_packages(path) check parameters
[0.383s] Level 1:colcon.colcon_core.package_discovery:discover_packages(colcon_meta) discover
[0.383s] Level 1:colcon.colcon_core.package_discovery:discover_packages(recursive) discover
[0.383s] INFO:colcon.colcon_core.package_discovery:Crawling recursively for packages in '/home/nimrod/Desktop/my_robot/my_robot-main'
[0.383s] Level 1:colcon.colcon_core.package_identification:_identify(.) by extensions ['ignore', 'ignore_ament_install']
[0.383s] Level 1:colcon.colcon_core.package_identification:_identify(.) by extension 'ignore'
[0.383s] Level 1:colcon.colcon_core.package_identification:_identify(.) by extension 'ignore_ament_install'
[0.384s] Level 1:colcon.colcon_core.package_identification:_identify(.) by extensions ['colcon_pkg']
[0.384s] Level 1:colcon.colcon_core.package_identification:_identify(.) by extension 'colcon_pkg'
[0.384s] Level 1:colcon.colcon_core.package_identification:_identify(.) by extensions ['colcon_meta']
[0.384s] Level 1:colcon.colcon_core.package_identification:_identify(.) by extension 'colcon_meta'
[0.384s] Level 1:colcon.colcon_core.package_identification:_identify(.) by extensions ['ros']
[0.384s] Level 1:colcon.colcon_core.package_identification:_identify(.) by extension 'ros'
[0.465s] Level 1:colcon.colcon_core.package_identification:_identify(.) by extensions ['cmake', 'python']
[0.465s] Level 1:colcon.colcon_core.package_identification:_identify(.) by extension 'cmake'
[0.465s] Level 1:colcon.colcon_core.package_identification:_identify(.) by extension 'python'
[0.465s] Level 1:colcon.colcon_core.package_identification:_identify(.) by extensions ['python_setup_py']
[0.465s] Level 1:colcon.colcon_core.package_identification:_identify(.) by extension 'python_setup_py'
[0.466s] Level 1:colcon.colcon_core.package_identification:_identify(build) by extensions ['ignore', 'ignore_ament_install']
[0.466s] Level 1:colcon.colcon_core.package_identification:_identify(build) by extension 'ignore'
[0.466s] Level 1:colcon.colcon_core.package_identification:_identify(build) ignored
[0.466s] Level 1:colcon.colcon_core.package_identification:_identify(install) by extensions ['ignore', 'ignore_ament_install']
[0.467s] Level 1:colcon.colcon_core.package_identification:_identify(install) by extension 'ignore'
[0.467s] Level 1:colcon.colcon_core.package_identification:_identify(install) ignored
[0.467s] Level 1:colcon.colcon_core.package_identification:_identify(log) by extensions ['ignore', 'ignore_ament_install']
[0.467s] Level 1:colcon.colcon_core.package_identification:_identify(log) by extension 'ignore'
[0.468s] Level 1:colcon.colcon_core.package_identification:_identify(log) ignored
[0.468s] Level 1:colcon.colcon_core.package_identification:_identify(src) by extensions ['ignore', 'ignore_ament_install']
[0.468s] Level 1:colcon.colcon_core.package_identification:_identify(src) by extension 'ignore'
[0.468s] Level 1:colcon.colcon_core.package_identification:_identify(src) by extension 'ignore_ament_install'
[0.468s] Level 1:colcon.colcon_core.package_identification:_identify(src) by extensions ['colcon_pkg']
[0.469s] Level 1:colcon.colcon_core.package_identification:_identify(src) by extension 'colcon_pkg'
[0.469s] Level 1:colcon.colcon_core.package_identification:_identify(src) by extensions ['colcon_meta']
[0.469s] Level 1:colcon.colcon_core.package_identification:_identify(src) by extension 'colcon_meta'
[0.469s] Level 1:colcon.colcon_core.package_identification:_identify(src) by extensions ['ros']
[0.469s] Level 1:colcon.colcon_core.package_identification:_identify(src) by extension 'ros'
[0.469s] Level 1:colcon.colcon_core.package_identification:_identify(src) by extensions ['cmake', 'python']
[0.469s] Level 1:colcon.colcon_core.package_identification:_identify(src) by extension 'cmake'
[0.470s] Level 1:colcon.colcon_core.package_identification:_identify(src) by extension 'python'
[0.470s] Level 1:colcon.colcon_core.package_identification:_identify(src) by extensions ['python_setup_py']
[0.470s] Level 1:colcon.colcon_core.package_identification:_identify(src) by extension 'python_setup_py'
[0.470s] Level 1:colcon.colcon_core.package_identification:_identify(src/prac_robot_description) by extensions ['ignore', 'ignore_ament_install']
[0.470s] Level 1:colcon.colcon_core.package_identification:_identify(src/prac_robot_description) by extension 'ignore'
[0.471s] Level 1:colcon.colcon_core.package_identification:_identify(src/prac_robot_description) by extension 'ignore_ament_install'
[0.471s] Level 1:colcon.colcon_core.package_identification:_identify(src/prac_robot_description) by extensions ['colcon_pkg']
[0.471s] Level 1:colcon.colcon_core.package_identification:_identify(src/prac_robot_description) by extension 'colcon_pkg'
[0.471s] Level 1:colcon.colcon_core.package_identification:_identify(src/prac_robot_description) by extensions ['colcon_meta']
[0.471s] Level 1:colcon.colcon_core.package_identification:_identify(src/prac_robot_description) by extension 'colcon_meta'
[0.471s] Level 1:colcon.colcon_core.package_identification:_identify(src/prac_robot_description) by extensions ['ros']
[0.471s] Level 1:colcon.colcon_core.package_identification:_identify(src/prac_robot_description) by extension 'ros'
[0.478s] DEBUG:colcon.colcon_core.package_identification:Package 'src/prac_robot_description' with type 'ros.ament_cmake' and name 'prac_robot_description'
[0.478s] Level 1:colcon.colcon_core.package_discovery:discover_packages(recursive) using defaults
[0.478s] Level 1:colcon.colcon_core.package_discovery:discover_packages(ignore) discover
[0.478s] Level 1:colcon.colcon_core.package_discovery:discover_packages(ignore) using defaults
[0.478s] Level 1:colcon.colcon_core.package_discovery:discover_packages(path) discover
[0.478s] Level 1:colcon.colcon_core.package_discovery:discover_packages(path) using defaults
[0.535s] Level 1:colcon.colcon_core.package_discovery:discover_packages(prefix_path) check parameters
[0.535s] Level 1:colcon.colcon_core.package_discovery:discover_packages(prefix_path) discover
[0.540s] DEBUG:colcon.colcon_installed_package_information.package_discovery:Found 1 installed packages in /home/nimrod/Desktop/my_robot/my_robot-main/install
[0.548s] DEBUG:colcon.colcon_installed_package_information.package_discovery:Found 390 installed packages in /opt/ros/jazzy
[0.553s] Level 1:colcon.colcon_core.package_discovery:discover_packages(prefix_path) using defaults
[0.697s] Level 5:colcon.colcon_core.verb:set package 'prac_robot_description' build argument 'cmake_args' from command line to 'None'
[0.698s] Level 5:colcon.colcon_core.verb:set package 'prac_robot_description' build argument 'cmake_target' from command line to 'None'
[0.698s] Level 5:colcon.colcon_core.verb:set package 'prac_robot_description' build argument 'cmake_target_skip_unavailable' from command line to 'False'
[0.698s] Level 5:colcon.colcon_core.verb:set package 'prac_robot_description' build argument 'cmake_clean_cache' from command line to 'False'
[0.698s] Level 5:colcon.colcon_core.verb:set package 'prac_robot_description' build argument 'cmake_clean_first' from command line to 'False'
[0.698s] Level 5:colcon.colcon_core.verb:set package 'prac_robot_description' build argument 'cmake_force_configure' from command line to 'False'
[0.698s] Level 5:colcon.colcon_core.verb:set package 'prac_robot_description' build argument 'ament_cmake_args' from command line to 'None'
[0.698s] Level 5:colcon.colcon_core.verb:set package 'prac_robot_description' build argument 'catkin_cmake_args' from command line to 'None'
[0.698s] Level 5:colcon.colcon_core.verb:set package 'prac_robot_description' build argument 'catkin_skip_building_tests' from command line to 'False'
[0.698s] DEBUG:colcon.colcon_core.verb:Building package 'prac_robot_description' with the following arguments: {'ament_cmake_args': None, 'build_base': '/home/nimrod/Desktop/my_robot/my_robot-main/build/prac_robot_description', 'catkin_cmake_args': None, 'catkin_skip_building_tests': False, 'cmake_args': None, 'cmake_clean_cache': False, 'cmake_clean_first': False, 'cmake_force_configure': False, 'cmake_target': None, 'cmake_target_skip_unavailable': False, 'install_base': '/home/nimrod/Desktop/my_robot/my_robot-main/install/prac_robot_description', 'merge_install': False, 'path': '/home/nimrod/Desktop/my_robot/my_robot-main/src/prac_robot_description', 'symlink_install': False, 'test_result_base': None}
[0.698s] INFO:colcon.colcon_core.executor:Executing jobs using 'parallel' executor
[0.700s] DEBUG:colcon.colcon_parallel_executor.executor.parallel:run_until_complete
[0.700s] INFO:colcon.colcon_ros.task.ament_cmake.build:Building ROS package in '/home/nimrod/Desktop/my_robot/my_robot-main/src/prac_robot_description' with build type 'ament_cmake'
[0.701s] INFO:colcon.colcon_cmake.task.cmake.build:Building CMake package in '/home/nimrod/Desktop/my_robot/my_robot-main/src/prac_robot_description'
[0.705s] INFO:colcon.colcon_core.plugin_system:Skipping extension 'colcon_core.shell.bat': Not used on non-Windows systems
[0.706s] INFO:colcon.colcon_core.shell:Skip shell extension 'powershell' for command environment: Not usable outside of PowerShell
[0.706s] DEBUG:colcon.colcon_core.shell:Skip shell extension 'dsv' for command environment
[0.726s] DEBUG:colcon.colcon_core.event_handler.log_command:Invoking command in '/home/nimrod/Desktop/my_robot/my_robot-main/build/prac_robot_description': CMAKE_PREFIX_PATH=${CMAKE_PREFIX_PATH}:/opt/ros/jazzy DEBUGINFOD_URLS=https://debuginfod.ubuntu.com /usr/bin/cmake --build /home/nimrod/Desktop/my_robot/my_robot-main/build/prac_robot_description -- -j4 -l4
[0.841s] DEBUG:colcon.colcon_core.event_handler.log_command:Invoked command in '/home/nimrod/Desktop/my_robot/my_robot-main/build/prac_robot_description' returned '0': CMAKE_PREFIX_PATH=${CMAKE_PREFIX_PATH}:/opt/ros/jazzy DEBUGINFOD_URLS=https://debuginfod.ubuntu.com /usr/bin/cmake --build /home/nimrod/Desktop/my_robot/my_robot-main/build/prac_robot_description -- -j4 -l4
[0.884s] DEBUG:colcon.colcon_core.event_handler.log_command:Invoking command in '/home/nimrod/Desktop/my_robot/my_robot-main/build/prac_robot_description': CMAKE_PREFIX_PATH=${CMAKE_PREFIX_PATH}:/opt/ros/jazzy DEBUGINFOD_URLS=https://debuginfod.ubuntu.com /usr/bin/cmake --install /home/nimrod/Desktop/my_robot/my_robot-main/build/prac_robot_description
[0.930s] Level 1:colcon.colcon_core.environment:create_environment_scripts_only(prac_robot_description)
[0.931s] DEBUG:colcon.colcon_core.event_handler.log_command:Invoked command in '/home/nimrod/Desktop/my_robot/my_robot-main/build/prac_robot_description' returned '0': CMAKE_PREFIX_PATH=${CMAKE_PREFIX_PATH}:/opt/ros/jazzy DEBUGINFOD_URLS=https://debuginfod.ubuntu.com /usr/bin/cmake --install /home/nimrod/Desktop/my_robot/my_robot-main/build/prac_robot_description
[0.939s] Level 1:colcon.colcon_core.environment:checking '/home/nimrod/Desktop/my_robot/my_robot-main/install/prac_robot_description' for CMake module files
[0.942s] Level 1:colcon.colcon_core.environment:checking '/home/nimrod/Desktop/my_robot/my_robot-main/install/prac_robot_description' for CMake config files
[0.943s] Level 1:colcon.colcon_core.shell:create_environment_hook('prac_robot_description', 'cmake_prefix_path')
[0.943s] INFO:colcon.colcon_core.shell:Creating environment hook '/home/nimrod/Desktop/my_robot/my_robot-main/install/prac_robot_description/share/prac_robot_description/hook/cmake_prefix_path.ps1'
[0.945s] INFO:colcon.colcon_core.shell:Creating environment descriptor '/home/nimrod/Desktop/my_robot/my_robot-main/install/prac_robot_description/share/prac_robot_description/hook/cmake_prefix_path.dsv'
[0.947s] INFO:colcon.colcon_core.shell:Creating environment hook '/home/nimrod/Desktop/my_robot/my_robot-main/install/prac_robot_description/share/prac_robot_description/hook/cmake_prefix_path.sh'
[0.949s] Level 1:colcon.colcon_core.environment:checking '/home/nimrod/Desktop/my_robot/my_robot-main/install/prac_robot_description/bin'
[0.949s] Level 1:colcon.colcon_core.environment:checking '/home/nimrod/Desktop/my_robot/my_robot-main/install/prac_robot_description/lib/pkgconfig/prac_robot_description.pc'
[0.950s] Level 1:colcon.colcon_core.environment:checking '/home/nimrod/Desktop/my_robot/my_robot-main/install/prac_robot_description/lib/python3.12/site-packages'
[0.951s] Level 1:colcon.colcon_core.environment:checking '/home/nimrod/Desktop/my_robot/my_robot-main/install/prac_robot_description/bin'
[0.952s] INFO:colcon.colcon_core.shell:Creating package script '/home/nimrod/Desktop/my_robot/my_robot-main/install/prac_robot_description/share/prac_robot_description/package.ps1'
[0.956s] INFO:colcon.colcon_core.shell:Creating package descriptor '/home/nimrod/Desktop/my_robot/my_robot-main/install/prac_robot_description/share/prac_robot_description/package.dsv'
[0.958s] INFO:colcon.colcon_core.shell:Creating package script '/home/nimrod/Desktop/my_robot/my_robot-main/install/prac_robot_description/share/prac_robot_description/package.sh'
[0.960s] INFO:colcon.colcon_core.shell:Creating package script '/home/nimrod/Desktop/my_robot/my_robot-main/install/prac_robot_description/share/prac_robot_description/package.bash'
[0.963s] INFO:colcon.colcon_core.shell:Creating package script '/home/nimrod/Desktop/my_robot/my_robot-main/install/prac_robot_description/share/prac_robot_description/package.zsh'
[0.964s] Level 1:colcon.colcon_core.environment:create_file_with_runtime_dependencies(/home/nimrod/Desktop/my_robot/my_robot-main/install/prac_robot_description/share/colcon-core/packages/prac_robot_description)
[0.966s] Level 1:colcon.colcon_core.environment:create_environment_scripts_only(prac_robot_description)
[0.966s] Level 1:colcon.colcon_core.environment:checking '/home/nimrod/Desktop/my_robot/my_robot-main/install/prac_robot_description' for CMake module files
[0.968s] Level 1:colcon.colcon_core.environment:checking '/home/nimrod/Desktop/my_robot/my_robot-main/install/prac_robot_description' for CMake config files
[0.968s] Level 1:colcon.colcon_core.shell:create_environment_hook('prac_robot_description', 'cmake_prefix_path')
[0.969s] INFO:colcon.colcon_core.shell:Creating environment hook '/home/nimrod/Desktop/my_robot/my_robot-main/install/prac_robot_description/share/prac_robot_description/hook/cmake_prefix_path.ps1'
[0.970s] INFO:colcon.colcon_core.shell:Creating environment descriptor '/home/nimrod/Desktop/my_robot/my_robot-main/install/prac_robot_description/share/prac_robot_description/hook/cmake_prefix_path.dsv'
[0.971s] INFO:colcon.colcon_core.shell:Creating environment hook '/home/nimrod/Desktop/my_robot/my_robot-main/install/prac_robot_description/share/prac_robot_description/hook/cmake_prefix_path.sh'
[0.973s] Level 1:colcon.colcon_core.environment:checking '/home/nimrod/Desktop/my_robot/my_robot-main/install/prac_robot_description/bin'
[0.973s] Level 1:colcon.colcon_core.environment:checking '/home/nimrod/Desktop/my_robot/my_robot-main/install/prac_robot_description/lib/pkgconfig/prac_robot_description.pc'
[0.974s] Level 1:colcon.colcon_core.environment:checking '/home/nimrod/Desktop/my_robot/my_robot-main/install/prac_robot_description/lib/python3.12/site-packages'
[0.974s] Level 1:colcon.colcon_core.environment:checking '/home/nimrod/Desktop/my_robot/my_robot-main/install/prac_robot_description/bin'
[0.975s] INFO:colcon.colcon_core.shell:Creating package script '/home/nimrod/Desktop/my_robot/my_robot-main/install/prac_robot_description/share/prac_robot_description/package.ps1'
[0.976s] INFO:colcon.colcon_core.shell:Creating package descriptor '/home/nimrod/Desktop/my_robot/my_robot-main/install/prac_robot_description/share/prac_robot_description/package.dsv'
[0.978s] INFO:colcon.colcon_core.shell:Creating package script '/home/nimrod/Desktop/my_robot/my_robot-main/install/prac_robot_description/share/prac_robot_description/package.sh'
[0.979s] INFO:colcon.colcon_core.shell:Creating package script '/home/nimrod/Desktop/my_robot/my_robot-main/install/prac_robot_description/share/prac_robot_description/package.bash'
[0.980s] INFO:colcon.colcon_core.shell:Creating package script '/home/nimrod/Desktop/my_robot/my_robot-main/install/prac_robot_description/share/prac_robot_description/package.zsh'
[0.981s] Level 1:colcon.colcon_core.environment:create_file_with_runtime_dependencies(/home/nimrod/Desktop/my_robot/my_robot-main/install/prac_robot_description/share/colcon-core/packages/prac_robot_description)
[0.982s] DEBUG:colcon.colcon_parallel_executor.executor.parallel:closing loop
[0.985s] DEBUG:colcon.colcon_parallel_executor.executor.parallel:loop closed
[0.986s] DEBUG:colcon.colcon_parallel_executor.executor.parallel:run_until_complete finished with '0'
[0.986s] DEBUG:colcon.colcon_core.event_reactor:joining thread
[1.008s] INFO:colcon.colcon_core.plugin_system:Skipping extension 'colcon_notification.desktop_notification.terminal_notifier': Not used on non-Darwin systems
[1.009s] INFO:colcon.colcon_core.plugin_system:Skipping extension 'colcon_notification.desktop_notification.win32': Not used on non-Windows systems
[1.009s] INFO:colcon.colcon_notification.desktop_notification:Sending desktop notification using 'notify2'
[1.060s] DEBUG:colcon.colcon_core.event_reactor:joined thread
[1.061s] INFO:colcon.colcon_core.shell:Creating prefix script '/home/nimrod/Desktop/my_robot/my_robot-main/install/local_setup.ps1'
[1.070s] INFO:colcon.colcon_core.shell:Creating prefix util module '/home/nimrod/Desktop/my_robot/my_robot-main/install/_local_setup_util_ps1.py'
[1.079s] INFO:colcon.colcon_core.shell:Creating prefix chain script '/home/nimrod/Desktop/my_robot/my_robot-main/install/setup.ps1'
[1.084s] INFO:colcon.colcon_core.shell:Creating prefix script '/home/nimrod/Desktop/my_robot/my_robot-main/install/local_setup.sh'
[1.087s] INFO:colcon.colcon_core.shell:Creating prefix util module '/home/nimrod/Desktop/my_robot/my_robot-main/install/_local_setup_util_sh.py'
[1.090s] INFO:colcon.colcon_core.shell:Creating prefix chain script '/home/nimrod/Desktop/my_robot/my_robot-main/install/setup.sh'
[1.097s] INFO:colcon.colcon_core.shell:Creating prefix script '/home/nimrod/Desktop/my_robot/my_robot-main/install/local_setup.bash'
[1.099s] INFO:colcon.colcon_core.shell:Creating prefix chain script '/home/nimrod/Desktop/my_robot/my_robot-main/install/setup.bash'
[1.104s] INFO:colcon.colcon_core.shell:Creating prefix script '/home/nimrod/Desktop/my_robot/my_robot-main/install/local_setup.zsh'
[1.107s] INFO:colcon.colcon_core.shell:Creating prefix chain script '/home/nimrod/Desktop/my_robot/my_robot-main/install/setup.zsh'
