[0.385s] DEBUG:colcon:Command line arguments: ['/usr/bin/colcon', 'list', '-p', '--base-paths', '/home/nimrod/Desktop/my_robot/my_robot-main', '--log-base', '/dev/null']
[0.386s] DEBUG:colcon:Parsed command line arguments: Namespace(log_base=None, log_level=None, verb_name='list', build_base='build', ignore_user_meta=False, metas=['./colcon.meta'], base_paths=['/home/nimrod/Desktop/my_robot/my_robot-main', '--log-base', '/dev/null'], packages_ignore=None, packages_ignore_regex=None, paths=None, packages_up_to=None, packages_up_to_regex=None, packages_above=None, packages_above_and_dependencies=None, packages_above_depth=None, packages_select_by_dep=None, packages_skip_by_dep=None, packages_skip_up_to=None, packages_select_build_failed=False, packages_skip_build_finished=False, packages_select_test_failures=False, packages_skip_test_passed=False, packages_select=None, packages_skip=None, packages_select_regex=None, packages_skip_regex=None, packages_start=None, packages_end=None, allow_overriding=[], topological_order=False, names_only=False, paths_only=True, topological_graph=False, topological_graph_dot=False, topological_graph_density=False, topological_graph_legend=False, topological_graph_dot_cluster=False, topological_graph_dot_include_skipped=False, mixin_files=None, mixin=None, verb_parser=<colcon_mixin.mixin.mixin_argument.MixinArgumentDecorator object at 0x77d7e5ca2270>, verb_extension=<colcon_package_information.verb.list.ListVerb object at 0x77d7e5ca1550>, main=<bound method ListVerb.main of <colcon_package_information.verb.list.ListVerb object at 0x77d7e5ca1550>>, mixin_verb=('list',))
[0.605s] Level 1:colcon.colcon_core.package_discovery:discover_packages(colcon_meta) check parameters
[0.606s] Level 1:colcon.colcon_core.package_discovery:discover_packages(recursive) check parameters
[0.606s] Level 1:colcon.colcon_core.package_discovery:discover_packages(ignore) check parameters
[0.606s] Level 1:colcon.colcon_core.package_discovery:discover_packages(path) check parameters
[0.606s] Level 1:colcon.colcon_core.package_discovery:discover_packages(recursive) discover
[0.606s] INFO:colcon.colcon_core.package_discovery:Crawling recursively for packages in '/home/nimrod/Desktop/my_robot/my_robot-main', '/home/nimrod/Desktop/my_robot/my_robot-main/--log-base', '/dev/null'
[0.606s] Level 1:colcon.colcon_core.package_identification:_identify(/home/nimrod/Desktop/my_robot/my_robot-main) by extensions ['ignore', 'ignore_ament_install']
[0.607s] Level 1:colcon.colcon_core.package_identification:_identify(/home/nimrod/Desktop/my_robot/my_robot-main) by extension 'ignore'
[0.607s] Level 1:colcon.colcon_core.package_identification:_identify(/home/nimrod/Desktop/my_robot/my_robot-main) by extension 'ignore_ament_install'
[0.607s] Level 1:colcon.colcon_core.package_identification:_identify(/home/nimrod/Desktop/my_robot/my_robot-main) by extensions ['colcon_pkg']
[0.607s] Level 1:colcon.colcon_core.package_identification:_identify(/home/nimrod/Desktop/my_robot/my_robot-main) by extension 'colcon_pkg'
[0.607s] Level 1:colcon.colcon_core.package_identification:_identify(/home/nimrod/Desktop/my_robot/my_robot-main) by extensions ['colcon_meta']
[0.607s] Level 1:colcon.colcon_core.package_identification:_identify(/home/nimrod/Desktop/my_robot/my_robot-main) by extension 'colcon_meta'
[0.607s] Level 1:colcon.colcon_core.package_identification:_identify(/home/nimrod/Desktop/my_robot/my_robot-main) by extensions ['ros']
[0.607s] Level 1:colcon.colcon_core.package_identification:_identify(/home/nimrod/Desktop/my_robot/my_robot-main) by extension 'ros'
[0.674s] Level 1:colcon.colcon_core.package_identification:_identify(/home/nimrod/Desktop/my_robot/my_robot-main) by extensions ['cmake', 'python']
[0.674s] Level 1:colcon.colcon_core.package_identification:_identify(/home/nimrod/Desktop/my_robot/my_robot-main) by extension 'cmake'
[0.674s] Level 1:colcon.colcon_core.package_identification:_identify(/home/nimrod/Desktop/my_robot/my_robot-main) by extension 'python'
[0.674s] Level 1:colcon.colcon_core.package_identification:_identify(/home/nimrod/Desktop/my_robot/my_robot-main) by extensions ['python_setup_py']
[0.674s] Level 1:colcon.colcon_core.package_identification:_identify(/home/nimrod/Desktop/my_robot/my_robot-main) by extension 'python_setup_py'
[0.674s] Level 1:colcon.colcon_core.package_identification:_identify(/home/nimrod/Desktop/my_robot/my_robot-main/build) by extensions ['ignore', 'ignore_ament_install']
[0.675s] Level 1:colcon.colcon_core.package_identification:_identify(/home/nimrod/Desktop/my_robot/my_robot-main/build) by extension 'ignore'
[0.675s] Level 1:colcon.colcon_core.package_identification:_identify(/home/nimrod/Desktop/my_robot/my_robot-main/build) ignored
[0.675s] Level 1:colcon.colcon_core.package_identification:_identify(/home/nimrod/Desktop/my_robot/my_robot-main/install) by extensions ['ignore', 'ignore_ament_install']
[0.676s] Level 1:colcon.colcon_core.package_identification:_identify(/home/nimrod/Desktop/my_robot/my_robot-main/install) by extension 'ignore'
[0.676s] Level 1:colcon.colcon_core.package_identification:_identify(/home/nimrod/Desktop/my_robot/my_robot-main/install) ignored
[0.676s] Level 1:colcon.colcon_core.package_identification:_identify(/home/nimrod/Desktop/my_robot/my_robot-main/log) by extensions ['ignore', 'ignore_ament_install']
[0.676s] Level 1:colcon.colcon_core.package_identification:_identify(/home/nimrod/Desktop/my_robot/my_robot-main/log) by extension 'ignore'
[0.676s] Level 1:colcon.colcon_core.package_identification:_identify(/home/nimrod/Desktop/my_robot/my_robot-main/log) ignored
[0.677s] Level 1:colcon.colcon_core.package_identification:_identify(/home/nimrod/Desktop/my_robot/my_robot-main/src) by extensions ['ignore', 'ignore_ament_install']
[0.677s] Level 1:colcon.colcon_core.package_identification:_identify(/home/nimrod/Desktop/my_robot/my_robot-main/src) by extension 'ignore'
[0.677s] Level 1:colcon.colcon_core.package_identification:_identify(/home/nimrod/Desktop/my_robot/my_robot-main/src) by extension 'ignore_ament_install'
[0.677s] Level 1:colcon.colcon_core.package_identification:_identify(/home/nimrod/Desktop/my_robot/my_robot-main/src) by extensions ['colcon_pkg']
[0.677s] Level 1:colcon.colcon_core.package_identification:_identify(/home/nimrod/Desktop/my_robot/my_robot-main/src) by extension 'colcon_pkg'
[0.677s] Level 1:colcon.colcon_core.package_identification:_identify(/home/nimrod/Desktop/my_robot/my_robot-main/src) by extensions ['colcon_meta']
[0.677s] Level 1:colcon.colcon_core.package_identification:_identify(/home/nimrod/Desktop/my_robot/my_robot-main/src) by extension 'colcon_meta'
[0.678s] Level 1:colcon.colcon_core.package_identification:_identify(/home/nimrod/Desktop/my_robot/my_robot-main/src) by extensions ['ros']
[0.678s] Level 1:colcon.colcon_core.package_identification:_identify(/home/nimrod/Desktop/my_robot/my_robot-main/src) by extension 'ros'
[0.678s] Level 1:colcon.colcon_core.package_identification:_identify(/home/nimrod/Desktop/my_robot/my_robot-main/src) by extensions ['cmake', 'python']
[0.678s] Level 1:colcon.colcon_core.package_identification:_identify(/home/nimrod/Desktop/my_robot/my_robot-main/src) by extension 'cmake'
[0.678s] Level 1:colcon.colcon_core.package_identification:_identify(/home/nimrod/Desktop/my_robot/my_robot-main/src) by extension 'python'
[0.678s] Level 1:colcon.colcon_core.package_identification:_identify(/home/nimrod/Desktop/my_robot/my_robot-main/src) by extensions ['python_setup_py']
[0.678s] Level 1:colcon.colcon_core.package_identification:_identify(/home/nimrod/Desktop/my_robot/my_robot-main/src) by extension 'python_setup_py'
[0.679s] Level 1:colcon.colcon_core.package_identification:_identify(/home/nimrod/Desktop/my_robot/my_robot-main/src/prac_robot_description) by extensions ['ignore', 'ignore_ament_install']
[0.679s] Level 1:colcon.colcon_core.package_identification:_identify(/home/nimrod/Desktop/my_robot/my_robot-main/src/prac_robot_description) by extension 'ignore'
[0.679s] Level 1:colcon.colcon_core.package_identification:_identify(/home/nimrod/Desktop/my_robot/my_robot-main/src/prac_robot_description) by extension 'ignore_ament_install'
[0.679s] Level 1:colcon.colcon_core.package_identification:_identify(/home/nimrod/Desktop/my_robot/my_robot-main/src/prac_robot_description) by extensions ['colcon_pkg']
[0.679s] Level 1:colcon.colcon_core.package_identification:_identify(/home/nimrod/Desktop/my_robot/my_robot-main/src/prac_robot_description) by extension 'colcon_pkg'
[0.679s] Level 1:colcon.colcon_core.package_identification:_identify(/home/nimrod/Desktop/my_robot/my_robot-main/src/prac_robot_description) by extensions ['colcon_meta']
[0.679s] Level 1:colcon.colcon_core.package_identification:_identify(/home/nimrod/Desktop/my_robot/my_robot-main/src/prac_robot_description) by extension 'colcon_meta'
[0.680s] Level 1:colcon.colcon_core.package_identification:_identify(/home/nimrod/Desktop/my_robot/my_robot-main/src/prac_robot_description) by extensions ['ros']
[0.680s] Level 1:colcon.colcon_core.package_identification:_identify(/home/nimrod/Desktop/my_robot/my_robot-main/src/prac_robot_description) by extension 'ros'
[0.687s] DEBUG:colcon.colcon_core.package_identification:Package '/home/nimrod/Desktop/my_robot/my_robot-main/src/prac_robot_description' with type 'ros.ament_cmake' and name 'prac_robot_description'
[0.687s] Level 1:colcon.colcon_core.package_discovery:discover_packages(recursive) using defaults
