[0.058s] Invoking command in '/home/nimrod/Desktop/my_robot/my_robot-main/build/prac_robot_description': CMAKE_PREFIX_PATH=${CMAKE_PREFIX_PATH}:/opt/ros/jazzy DEBUGINFOD_URLS=https://debuginfod.ubuntu.com /usr/bin/cmake /home/nimrod/Desktop/my_robot/my_robot-main/src/prac_robot_description -DCMAKE_INSTALL_PREFIX=/home/nimrod/Desktop/my_robot/my_robot-main/install/prac_robot_description
[0.410s] -- The C compiler identification is GNU 13.3.0
[0.715s] -- The CXX compiler identification is GNU 13.3.0
[0.779s] -- Detecting C compiler ABI info
[1.260s] -- Detecting C compiler ABI info - done
[1.307s] -- Check for working C compiler: /usr/bin/cc - skipped
[1.309s] -- Detecting C compile features
[1.312s] -- Detecting C compile features - done
[1.366s] -- Detecting CXX compiler ABI info
[1.713s] -- Detecting CXX compiler ABI info - done
[1.750s] -- Check for working CXX compiler: /usr/bin/c++ - skipped
[1.751s] -- Detecting CXX compile features
[1.753s] -- Detecting CXX compile features - done
[1.790s] -- Found ament_cmake: 2.5.3 (/opt/ros/jazzy/share/ament_cmake/cmake)
[2.396s] -- Found Python3: /usr/bin/python3 (found version "3.12.3") found components: Interpreter 
[2.960s] -- Configuring done (2.9s)
[2.971s] -- Generating done (0.0s)
[2.975s] -- Build files have been written to: /home/nimrod/Desktop/my_robot/my_robot-main/build/prac_robot_description
[2.987s] Invoked command in '/home/nimrod/Desktop/my_robot/my_robot-main/build/prac_robot_description' returned '0': CMAKE_PREFIX_PATH=${CMAKE_PREFIX_PATH}:/opt/ros/jazzy DEBUGINFOD_URLS=https://debuginfod.ubuntu.com /usr/bin/cmake /home/nimrod/Desktop/my_robot/my_robot-main/src/prac_robot_description -DCMAKE_INSTALL_PREFIX=/home/nimrod/Desktop/my_robot/my_robot-main/install/prac_robot_description
[2.990s] Invoking command in '/home/nimrod/Desktop/my_robot/my_robot-main/build/prac_robot_description': CMAKE_PREFIX_PATH=${CMAKE_PREFIX_PATH}:/opt/ros/jazzy DEBUGINFOD_URLS=https://debuginfod.ubuntu.com /usr/bin/cmake --build /home/nimrod/Desktop/my_robot/my_robot-main/build/prac_robot_description -- -j4 -l4
[3.091s] Invoked command in '/home/nimrod/Desktop/my_robot/my_robot-main/build/prac_robot_description' returned '0': CMAKE_PREFIX_PATH=${CMAKE_PREFIX_PATH}:/opt/ros/jazzy DEBUGINFOD_URLS=https://debuginfod.ubuntu.com /usr/bin/cmake --build /home/nimrod/Desktop/my_robot/my_robot-main/build/prac_robot_description -- -j4 -l4
[3.120s] Invoking command in '/home/nimrod/Desktop/my_robot/my_robot-main/build/prac_robot_description': CMAKE_PREFIX_PATH=${CMAKE_PREFIX_PATH}:/opt/ros/jazzy DEBUGINFOD_URLS=https://debuginfod.ubuntu.com /usr/bin/cmake --install /home/nimrod/Desktop/my_robot/my_robot-main/build/prac_robot_description
[3.143s] -- Install configuration: ""
[3.144s] -- Installing: /home/nimrod/Desktop/my_robot/my_robot-main/install/prac_robot_description/share/prac_robot_description//urdf
[3.144s] -- Installing: /home/nimrod/Desktop/my_robot/my_robot-main/install/prac_robot_description/share/prac_robot_description//urdf/prac_robot.urdf.xacro
[3.145s] -- Installing: /home/nimrod/Desktop/my_robot/my_robot-main/install/prac_robot_description/share/prac_robot_description//urdf/properties.xacro
[3.145s] -- Installing: /home/nimrod/Desktop/my_robot/my_robot-main/install/prac_robot_description/share/prac_robot_description//urdf/mobile_base.xacro
[3.145s] -- Installing: /home/nimrod/Desktop/my_robot/my_robot-main/install/prac_robot_description/share/prac_robot_description//launch
[3.146s] -- Installing: /home/nimrod/Desktop/my_robot/my_robot-main/install/prac_robot_description/share/prac_robot_description//launch/display.launch.xml
[3.147s] -- Installing: /home/nimrod/Desktop/my_robot/my_robot-main/install/prac_robot_description/share/prac_robot_description//launch/prac_robot_gazebo.launch.py
[3.147s] -- Installing: /home/nimrod/Desktop/my_robot/my_robot-main/install/prac_robot_description/share/prac_robot_description//rviz
[3.147s] -- Installing: /home/nimrod/Desktop/my_robot/my_robot-main/install/prac_robot_description/share/prac_robot_description//rviz/urdf_Config.rviz
[3.148s] -- Installing: /home/nimrod/Desktop/my_robot/my_robot-main/install/prac_robot_description/share/ament_index/resource_index/package_run_dependencies/prac_robot_description
[3.148s] -- Installing: /home/nimrod/Desktop/my_robot/my_robot-main/install/prac_robot_description/share/ament_index/resource_index/parent_prefix_path/prac_robot_description
[3.148s] -- Installing: /home/nimrod/Desktop/my_robot/my_robot-main/install/prac_robot_description/share/prac_robot_description/environment/ament_prefix_path.sh
[3.150s] -- Installing: /home/nimrod/Desktop/my_robot/my_robot-main/install/prac_robot_description/share/prac_robot_description/environment/ament_prefix_path.dsv
[3.150s] -- Installing: /home/nimrod/Desktop/my_robot/my_robot-main/install/prac_robot_description/share/prac_robot_description/environment/path.sh
[3.150s] -- Installing: /home/nimrod/Desktop/my_robot/my_robot-main/install/prac_robot_description/share/prac_robot_description/environment/path.dsv
[3.151s] -- Installing: /home/nimrod/Desktop/my_robot/my_robot-main/install/prac_robot_description/share/prac_robot_description/local_setup.bash
[3.151s] -- Installing: /home/nimrod/Desktop/my_robot/my_robot-main/install/prac_robot_description/share/prac_robot_description/local_setup.sh
[3.152s] -- Installing: /home/nimrod/Desktop/my_robot/my_robot-main/install/prac_robot_description/share/prac_robot_description/local_setup.zsh
[3.153s] -- Installing: /home/nimrod/Desktop/my_robot/my_robot-main/install/prac_robot_description/share/prac_robot_description/local_setup.dsv
[3.153s] -- Installing: /home/nimrod/Desktop/my_robot/my_robot-main/install/prac_robot_description/share/prac_robot_description/package.dsv
[3.154s] -- Installing: /home/nimrod/Desktop/my_robot/my_robot-main/install/prac_robot_description/share/ament_index/resource_index/packages/prac_robot_description
[3.154s] -- Installing: /home/nimrod/Desktop/my_robot/my_robot-main/install/prac_robot_description/share/prac_robot_description/cmake/prac_robot_descriptionConfig.cmake
[3.154s] -- Installing: /home/nimrod/Desktop/my_robot/my_robot-main/install/prac_robot_description/share/prac_robot_description/cmake/prac_robot_descriptionConfig-version.cmake
[3.155s] -- Installing: /home/nimrod/Desktop/my_robot/my_robot-main/install/prac_robot_description/share/prac_robot_description/package.xml
[3.160s] Invoked command in '/home/nimrod/Desktop/my_robot/my_robot-main/build/prac_robot_description' returned '0': CMAKE_PREFIX_PATH=${CMAKE_PREFIX_PATH}:/opt/ros/jazzy DEBUGINFOD_URLS=https://debuginfod.ubuntu.com /usr/bin/cmake --install /home/nimrod/Desktop/my_robot/my_robot-main/build/prac_robot_description
