[0.024s] Invoking command in '/home/nimrod/ws_1/build/prac_robot_description': CMAKE_PREFIX_PATH=${CMAKE_PREFIX_PATH}:/opt/ros/jazzy DEBUGINFOD_URLS=https://debuginfod.ubuntu.com /usr/bin/cmake /home/nimrod/ws_1/src/prac_robot_description -DCMAKE_INSTALL_PREFIX=/home/nimrod/ws_1/install/prac_robot_description
[0.052s] -- Found ament_cmake: 2.5.2 (/opt/ros/jazzy/share/ament_cmake/cmake)
[0.423s] -- Override CMake install command with custom implementation using symlinks instead of copying resources
[0.609s] -- Configuring done (0.6s)
[0.615s] -- Generating done (0.0s)
[0.618s] -- Build files have been written to: /home/nimrod/ws_1/build/prac_robot_description
[0.623s] Invoked command in '/home/nimrod/ws_1/build/prac_robot_description' returned '0': CMAKE_PREFIX_PATH=${CMAKE_PREFIX_PATH}:/opt/ros/jazzy DEBUGINFOD_URLS=https://debuginfod.ubuntu.com /usr/bin/cmake /home/nimrod/ws_1/src/prac_robot_description -DCMAKE_INSTALL_PREFIX=/home/nimrod/ws_1/install/prac_robot_description
[0.626s] Invoking command in '/home/nimrod/ws_1/build/prac_robot_description': CMAKE_PREFIX_PATH=${CMAKE_PREFIX_PATH}:/opt/ros/jazzy DEBUGINFOD_URLS=https://debuginfod.ubuntu.com /usr/bin/cmake --build /home/nimrod/ws_1/build/prac_robot_description -- -j4 -l4
[0.715s] Invoked command in '/home/nimrod/ws_1/build/prac_robot_description' returned '0': CMAKE_PREFIX_PATH=${CMAKE_PREFIX_PATH}:/opt/ros/jazzy DEBUGINFOD_URLS=https://debuginfod.ubuntu.com /usr/bin/cmake --build /home/nimrod/ws_1/build/prac_robot_description -- -j4 -l4
[0.737s] Invoking command in '/home/nimrod/ws_1/build/prac_robot_description': CMAKE_PREFIX_PATH=${CMAKE_PREFIX_PATH}:/opt/ros/jazzy DEBUGINFOD_URLS=https://debuginfod.ubuntu.com /usr/bin/cmake --install /home/nimrod/ws_1/build/prac_robot_description
[0.755s] -- Install configuration: ""
[0.756s] -- Execute custom install script
[0.757s] -- Up-to-date symlink: /home/nimrod/ws_1/install/prac_robot_description/share/prac_robot_description//urdf/mobile_base.xacro
[0.757s] -- Up-to-date symlink: /home/nimrod/ws_1/install/prac_robot_description/share/prac_robot_description//urdf/prac_robot.urdf.xacro
[0.757s] -- Up-to-date symlink: /home/nimrod/ws_1/install/prac_robot_description/share/prac_robot_description//urdf/properties.xacro
[0.758s] -- Up-to-date symlink: /home/nimrod/ws_1/install/prac_robot_description/share/prac_robot_description//launch/display.launch.xml
[0.758s] -- Up-to-date symlink: /home/nimrod/ws_1/install/prac_robot_description/share/prac_robot_description//rviz/urdf_Config.rviz
[0.759s] -- Up-to-date symlink: /home/nimrod/ws_1/install/prac_robot_description/share/ament_index/resource_index/package_run_dependencies/prac_robot_description
[0.759s] -- Up-to-date symlink: /home/nimrod/ws_1/install/prac_robot_description/share/ament_index/resource_index/parent_prefix_path/prac_robot_description
[0.759s] -- Up-to-date symlink: /home/nimrod/ws_1/install/prac_robot_description/share/prac_robot_description/environment/ament_prefix_path.sh
[0.760s] -- Up-to-date symlink: /home/nimrod/ws_1/install/prac_robot_description/share/prac_robot_description/environment/ament_prefix_path.dsv
[0.760s] -- Up-to-date symlink: /home/nimrod/ws_1/install/prac_robot_description/share/prac_robot_description/environment/path.sh
[0.761s] -- Up-to-date symlink: /home/nimrod/ws_1/install/prac_robot_description/share/prac_robot_description/environment/path.dsv
[0.761s] -- Up-to-date symlink: /home/nimrod/ws_1/install/prac_robot_description/share/prac_robot_description/local_setup.bash
[0.761s] -- Up-to-date symlink: /home/nimrod/ws_1/install/prac_robot_description/share/prac_robot_description/local_setup.sh
[0.762s] -- Up-to-date symlink: /home/nimrod/ws_1/install/prac_robot_description/share/prac_robot_description/local_setup.zsh
[0.762s] -- Up-to-date symlink: /home/nimrod/ws_1/install/prac_robot_description/share/prac_robot_description/local_setup.dsv
[0.762s] -- Symlinking: /home/nimrod/ws_1/install/prac_robot_description/share/prac_robot_description/package.dsv
[0.783s] -- Up-to-date symlink: /home/nimrod/ws_1/install/prac_robot_description/share/ament_index/resource_index/packages/prac_robot_description
[0.784s] -- Up-to-date symlink: /home/nimrod/ws_1/install/prac_robot_description/share/prac_robot_description/cmake/prac_robot_descriptionConfig.cmake
[0.784s] -- Up-to-date symlink: /home/nimrod/ws_1/install/prac_robot_description/share/prac_robot_description/cmake/prac_robot_descriptionConfig-version.cmake
[0.784s] -- Up-to-date symlink: /home/nimrod/ws_1/install/prac_robot_description/share/prac_robot_description/package.xml
[0.788s] Invoked command in '/home/nimrod/ws_1/build/prac_robot_description' returned '0': CMAKE_PREFIX_PATH=${CMAKE_PREFIX_PATH}:/opt/ros/jazzy DEBUGINFOD_URLS=https://debuginfod.ubuntu.com /usr/bin/cmake --install /home/nimrod/ws_1/build/prac_robot_description
