[0.022s] Invoking command in '/home/nimrod/ws_1/build/prac_robot_description': CMAKE_PREFIX_PATH=${CMAKE_PREFIX_PATH}:/opt/ros/jazzy DEBUGINFOD_URLS=https://debuginfod.ubuntu.com /usr/bin/cmake --build /home/nimrod/ws_1/build/prac_robot_description -- -j4 -l4
[0.066s] -- Found ament_cmake: 2.5.2 (/opt/ros/jazzy/share/ament_cmake/cmake)
[0.595s] -- Configuring done (0.5s)
[0.601s] -- Generating done (0.0s)
[0.606s] -- Build files have been written to: /home/nimrod/ws_1/build/prac_robot_description
[0.673s] Invoked command in '/home/nimrod/ws_1/build/prac_robot_description' returned '0': CMAKE_PREFIX_PATH=${CMAKE_PREFIX_PATH}:/opt/ros/jazzy DEBUGINFOD_URLS=https://debuginfod.ubuntu.com /usr/bin/cmake --build /home/nimrod/ws_1/build/prac_robot_description -- -j4 -l4
[0.705s] Invoking command in '/home/nimrod/ws_1/build/prac_robot_description': CMAKE_PREFIX_PATH=${CMAKE_PREFIX_PATH}:/opt/ros/jazzy DEBUGINFOD_URLS=https://debuginfod.ubuntu.com /usr/bin/cmake --install /home/nimrod/ws_1/build/prac_robot_description
[0.731s] -- Install configuration: ""
[0.732s] -- Up-to-date: /home/nimrod/ws_1/install/prac_robot_description/share/prac_robot_description//urdf
[0.732s] -- Up-to-date: /home/nimrod/ws_1/install/prac_robot_description/share/prac_robot_description//urdf/prac_robot.urdf
[0.733s] -- Up-to-date: /home/nimrod/ws_1/install/prac_robot_description/share/prac_robot_description//launch
[0.733s] -- Installing: /home/nimrod/ws_1/install/prac_robot_description/share/prac_robot_description//launch/display.launch.xml
[0.734s] -- Installing: /home/nimrod/ws_1/install/prac_robot_description/share/prac_robot_description//rviz
[0.734s] -- Installing: /home/nimrod/ws_1/install/prac_robot_description/share/prac_robot_description//rviz/urdf_Config.rviz
[0.735s] -- Up-to-date: /home/nimrod/ws_1/install/prac_robot_description/share/ament_index/resource_index/package_run_dependencies/prac_robot_description
[0.735s] -- Installing: /home/nimrod/ws_1/install/prac_robot_description/share/ament_index/resource_index/parent_prefix_path/prac_robot_description
[0.736s] -- Up-to-date: /home/nimrod/ws_1/install/prac_robot_description/share/prac_robot_description/environment/ament_prefix_path.sh
[0.736s] -- Up-to-date: /home/nimrod/ws_1/install/prac_robot_description/share/prac_robot_description/environment/ament_prefix_path.dsv
[0.737s] -- Up-to-date: /home/nimrod/ws_1/install/prac_robot_description/share/prac_robot_description/environment/path.sh
[0.737s] -- Up-to-date: /home/nimrod/ws_1/install/prac_robot_description/share/prac_robot_description/environment/path.dsv
[0.737s] -- Up-to-date: /home/nimrod/ws_1/install/prac_robot_description/share/prac_robot_description/local_setup.bash
[0.738s] -- Up-to-date: /home/nimrod/ws_1/install/prac_robot_description/share/prac_robot_description/local_setup.sh
[0.738s] -- Up-to-date: /home/nimrod/ws_1/install/prac_robot_description/share/prac_robot_description/local_setup.zsh
[0.738s] -- Up-to-date: /home/nimrod/ws_1/install/prac_robot_description/share/prac_robot_description/local_setup.dsv
[0.738s] -- Installing: /home/nimrod/ws_1/install/prac_robot_description/share/prac_robot_description/package.dsv
[0.739s] -- Up-to-date: /home/nimrod/ws_1/install/prac_robot_description/share/ament_index/resource_index/packages/prac_robot_description
[0.739s] -- Up-to-date: /home/nimrod/ws_1/install/prac_robot_description/share/prac_robot_description/cmake/prac_robot_descriptionConfig.cmake
[0.739s] -- Up-to-date: /home/nimrod/ws_1/install/prac_robot_description/share/prac_robot_description/cmake/prac_robot_descriptionConfig-version.cmake
[0.740s] -- Up-to-date: /home/nimrod/ws_1/install/prac_robot_description/share/prac_robot_description/package.xml
[0.743s] Invoked command in '/home/nimrod/ws_1/build/prac_robot_description' returned '0': CMAKE_PREFIX_PATH=${CMAKE_PREFIX_PATH}:/opt/ros/jazzy DEBUGINFOD_URLS=https://debuginfod.ubuntu.com /usr/bin/cmake --install /home/nimrod/ws_1/build/prac_robot_description
