[0.023s] Invoking command in '/home/nimrod/ws_1/build/prac_robot_description': CMAKE_PREFIX_PATH=${CMAKE_PREFIX_PATH}:/opt/ros/jazzy DEBUGINFOD_URLS=https://debuginfod.ubuntu.com /usr/bin/cmake --build /home/nimrod/ws_1/build/prac_robot_description -- -j4 -l4
[0.096s] Invoked command in '/home/nimrod/ws_1/build/prac_robot_description' returned '0': CMAKE_PREFIX_PATH=${CMAKE_PREFIX_PATH}:/opt/ros/jazzy DEBUGINFOD_URLS=https://debuginfod.ubuntu.com /usr/bin/cmake --build /home/nimrod/ws_1/build/prac_robot_description -- -j4 -l4
[0.119s] Invoking command in '/home/nimrod/ws_1/build/prac_robot_description': CMAKE_PREFIX_PATH=${CMAKE_PREFIX_PATH}:/opt/ros/jazzy DEBUGINFOD_URLS=https://debuginfod.ubuntu.com /usr/bin/cmake --install /home/nimrod/ws_1/build/prac_robot_description
[0.138s] -- Install configuration: ""
[0.139s] -- Up-to-date: /home/nimrod/ws_1/install/prac_robot_description/share/prac_robot_description//urdf
[0.139s] -- Up-to-date: /home/nimrod/ws_1/install/prac_robot_description/share/prac_robot_description//urdf/prac_robot.urdf
[0.140s] -- Up-to-date: /home/nimrod/ws_1/install/prac_robot_description/share/prac_robot_description//launch
[0.140s] -- Installing: /home/nimrod/ws_1/install/prac_robot_description/share/prac_robot_description//launch/display.launch.xml
[0.140s] -- Up-to-date: /home/nimrod/ws_1/install/prac_robot_description/share/ament_index/resource_index/package_run_dependencies/prac_robot_description
[0.141s] -- Up-to-date: /home/nimrod/ws_1/install/prac_robot_description/share/ament_index/resource_index/parent_prefix_path/prac_robot_description
[0.141s] -- Up-to-date: /home/nimrod/ws_1/install/prac_robot_description/share/prac_robot_description/environment/ament_prefix_path.sh
[0.141s] -- Up-to-date: /home/nimrod/ws_1/install/prac_robot_description/share/prac_robot_description/environment/ament_prefix_path.dsv
[0.142s] -- Up-to-date: /home/nimrod/ws_1/install/prac_robot_description/share/prac_robot_description/environment/path.sh
[0.142s] -- Up-to-date: /home/nimrod/ws_1/install/prac_robot_description/share/prac_robot_description/environment/path.dsv
[0.142s] -- Up-to-date: /home/nimrod/ws_1/install/prac_robot_description/share/prac_robot_description/local_setup.bash
[0.143s] -- Up-to-date: /home/nimrod/ws_1/install/prac_robot_description/share/prac_robot_description/local_setup.sh
[0.143s] -- Up-to-date: /home/nimrod/ws_1/install/prac_robot_description/share/prac_robot_description/local_setup.zsh
[0.143s] -- Up-to-date: /home/nimrod/ws_1/install/prac_robot_description/share/prac_robot_description/local_setup.dsv
[0.144s] -- Installing: /home/nimrod/ws_1/install/prac_robot_description/share/prac_robot_description/package.dsv
[0.144s] -- Up-to-date: /home/nimrod/ws_1/install/prac_robot_description/share/ament_index/resource_index/packages/prac_robot_description
[0.144s] -- Up-to-date: /home/nimrod/ws_1/install/prac_robot_description/share/prac_robot_description/cmake/prac_robot_descriptionConfig.cmake
[0.144s] -- Up-to-date: /home/nimrod/ws_1/install/prac_robot_description/share/prac_robot_description/cmake/prac_robot_descriptionConfig-version.cmake
[0.144s] -- Up-to-date: /home/nimrod/ws_1/install/prac_robot_description/share/prac_robot_description/package.xml
[0.146s] Invoked command in '/home/nimrod/ws_1/build/prac_robot_description' returned '0': CMAKE_PREFIX_PATH=${CMAKE_PREFIX_PATH}:/opt/ros/jazzy DEBUGINFOD_URLS=https://debuginfod.ubuntu.com /usr/bin/cmake --install /home/nimrod/ws_1/build/prac_robot_description
