[0.024s] Invoking command in '/home/nimrod/Desktop/my_robot/my_robot-main/build/prac_robot_description': CMAKE_PREFIX_PATH=${CMAKE_PREFIX_PATH}:/opt/ros/jazzy DEBUGINFOD_URLS=https://debuginfod.ubuntu.com /usr/bin/cmake --build /home/nimrod/Desktop/my_robot/my_robot-main/build/prac_robot_description -- -j4 -l4
[0.083s] -- Found ament_cmake: 2.5.4 (/opt/ros/jazzy/share/ament_cmake/cmake)
[0.686s] -- Configuring done (0.6s)
[0.694s] -- Generating done (0.0s)
[0.698s] -- Build files have been written to: /home/nimrod/Desktop/my_robot/my_robot-main/build/prac_robot_description
[0.749s] Invoked command in '/home/nimrod/Desktop/my_robot/my_robot-main/build/prac_robot_description' returned '0': CMAKE_PREFIX_PATH=${CMAKE_PREFIX_PATH}:/opt/ros/jazzy DEBUGINFOD_URLS=https://debuginfod.ubuntu.com /usr/bin/cmake --build /home/nimrod/Desktop/my_robot/my_robot-main/build/prac_robot_description -- -j4 -l4
[0.770s] Invoking command in '/home/nimrod/Desktop/my_robot/my_robot-main/build/prac_robot_description': CMAKE_PREFIX_PATH=${CMAKE_PREFIX_PATH}:/opt/ros/jazzy DEBUGINFOD_URLS=https://debuginfod.ubuntu.com /usr/bin/cmake --install /home/nimrod/Desktop/my_robot/my_robot-main/build/prac_robot_description
[0.789s] -- Install configuration: ""
[0.789s] -- Up-to-date: /home/nimrod/Desktop/my_robot/my_robot-main/install/prac_robot_description/share/prac_robot_description//urdf
[0.790s] -- Up-to-date: /home/nimrod/Desktop/my_robot/my_robot-main/install/prac_robot_description/share/prac_robot_description//urdf/prac_robot.urdf.xacro
[0.790s] -- Up-to-date: /home/nimrod/Desktop/my_robot/my_robot-main/install/prac_robot_description/share/prac_robot_description//urdf/properties.xacro
[0.790s] -- Up-to-date: /home/nimrod/Desktop/my_robot/my_robot-main/install/prac_robot_description/share/prac_robot_description//urdf/mobile_base.xacro
[0.790s] -- Up-to-date: /home/nimrod/Desktop/my_robot/my_robot-main/install/prac_robot_description/share/prac_robot_description//launch
[0.791s] -- Up-to-date: /home/nimrod/Desktop/my_robot/my_robot-main/install/prac_robot_description/share/prac_robot_description//launch/robot.launch.py
[0.791s] -- Up-to-date: /home/nimrod/Desktop/my_robot/my_robot-main/install/prac_robot_description/share/prac_robot_description//launch/display.launch.xml
[0.792s] -- Up-to-date: /home/nimrod/Desktop/my_robot/my_robot-main/install/prac_robot_description/share/prac_robot_description//launch/world.launch.py
[0.792s] -- Up-to-date: /home/nimrod/Desktop/my_robot/my_robot-main/install/prac_robot_description/share/prac_robot_description//launch/prac_robot_gazebo.launch.py
[0.792s] -- Up-to-date: /home/nimrod/Desktop/my_robot/my_robot-main/install/prac_robot_description/share/prac_robot_description//rviz
[0.793s] -- Up-to-date: /home/nimrod/Desktop/my_robot/my_robot-main/install/prac_robot_description/share/prac_robot_description//rviz/urdf_Config.rviz
[0.793s] -- Installing: /home/nimrod/Desktop/my_robot/my_robot-main/install/prac_robot_description/share/prac_robot_description//worlds
[0.793s] -- Installing: /home/nimrod/Desktop/my_robot/my_robot-main/install/prac_robot_description/share/prac_robot_description//worlds/Trial_world.sdf
[0.794s] -- Up-to-date: /home/nimrod/Desktop/my_robot/my_robot-main/install/prac_robot_description/share/ament_index/resource_index/package_run_dependencies/prac_robot_description
[0.794s] -- Installing: /home/nimrod/Desktop/my_robot/my_robot-main/install/prac_robot_description/share/ament_index/resource_index/parent_prefix_path/prac_robot_description
[0.794s] -- Up-to-date: /home/nimrod/Desktop/my_robot/my_robot-main/install/prac_robot_description/share/prac_robot_description/environment/ament_prefix_path.sh
[0.794s] -- Up-to-date: /home/nimrod/Desktop/my_robot/my_robot-main/install/prac_robot_description/share/prac_robot_description/environment/ament_prefix_path.dsv
[0.795s] -- Up-to-date: /home/nimrod/Desktop/my_robot/my_robot-main/install/prac_robot_description/share/prac_robot_description/environment/path.sh
[0.795s] -- Up-to-date: /home/nimrod/Desktop/my_robot/my_robot-main/install/prac_robot_description/share/prac_robot_description/environment/path.dsv
[0.795s] -- Up-to-date: /home/nimrod/Desktop/my_robot/my_robot-main/install/prac_robot_description/share/prac_robot_description/local_setup.bash
[0.795s] -- Up-to-date: /home/nimrod/Desktop/my_robot/my_robot-main/install/prac_robot_description/share/prac_robot_description/local_setup.sh
[0.796s] -- Up-to-date: /home/nimrod/Desktop/my_robot/my_robot-main/install/prac_robot_description/share/prac_robot_description/local_setup.zsh
[0.796s] -- Up-to-date: /home/nimrod/Desktop/my_robot/my_robot-main/install/prac_robot_description/share/prac_robot_description/local_setup.dsv
[0.796s] -- Installing: /home/nimrod/Desktop/my_robot/my_robot-main/install/prac_robot_description/share/prac_robot_description/package.dsv
[0.797s] -- Up-to-date: /home/nimrod/Desktop/my_robot/my_robot-main/install/prac_robot_description/share/ament_index/resource_index/packages/prac_robot_description
[0.797s] -- Up-to-date: /home/nimrod/Desktop/my_robot/my_robot-main/install/prac_robot_description/share/prac_robot_description/cmake/prac_robot_descriptionConfig.cmake
[0.797s] -- Up-to-date: /home/nimrod/Desktop/my_robot/my_robot-main/install/prac_robot_description/share/prac_robot_description/cmake/prac_robot_descriptionConfig-version.cmake
[0.798s] -- Up-to-date: /home/nimrod/Desktop/my_robot/my_robot-main/install/prac_robot_description/share/prac_robot_description/package.xml
[0.799s] Invoked command in '/home/nimrod/Desktop/my_robot/my_robot-main/build/prac_robot_description' returned '0': CMAKE_PREFIX_PATH=${CMAKE_PREFIX_PATH}:/opt/ros/jazzy DEBUGINFOD_URLS=https://debuginfod.ubuntu.com /usr/bin/cmake --install /home/nimrod/Desktop/my_robot/my_robot-main/build/prac_robot_description
