[0.023s] Invoking command in '/home/nimrod/ws_1/build/prac_robot_description': CMAKE_PREFIX_PATH=${CMAKE_PREFIX_PATH}:/opt/ros/jazzy DEBUGINFOD_URLS=https://debuginfod.ubuntu.com /usr/bin/cmake --build /home/nimrod/ws_1/build/prac_robot_description -- -j4 -l4
[0.101s] Invoked command in '/home/nimrod/ws_1/build/prac_robot_description' returned '0': CMAKE_PREFIX_PATH=${CMAKE_PREFIX_PATH}:/opt/ros/jazzy DEBUGINFOD_URLS=https://debuginfod.ubuntu.com /usr/bin/cmake --build /home/nimrod/ws_1/build/prac_robot_description -- -j4 -l4
[0.129s] Invoking command in '/home/nimrod/ws_1/build/prac_robot_description': CMAKE_PREFIX_PATH=${CMAKE_PREFIX_PATH}:/opt/ros/jazzy DEBUGINFOD_URLS=https://debuginfod.ubuntu.com /usr/bin/cmake --install /home/nimrod/ws_1/build/prac_robot_description
[0.153s] -- Install configuration: ""
[0.154s] -- Execute custom install script
[0.155s] -- Symlinking: /home/nimrod/ws_1/install/prac_robot_description/share/prac_robot_description//urdf/mobile_base.xacro
[0.181s] -- Up-to-date symlink: /home/nimrod/ws_1/install/prac_robot_description/share/prac_robot_description//urdf/prac_robot.urdf.xacro
[0.181s] -- Symlinking: /home/nimrod/ws_1/install/prac_robot_description/share/prac_robot_description//urdf/properties.xacro
[0.209s] -- Up-to-date symlink: /home/nimrod/ws_1/install/prac_robot_description/share/prac_robot_description//launch/display.launch.xml
[0.210s] -- Up-to-date symlink: /home/nimrod/ws_1/install/prac_robot_description/share/prac_robot_description//rviz/urdf_Config.rviz
[0.210s] -- Up-to-date symlink: /home/nimrod/ws_1/install/prac_robot_description/share/ament_index/resource_index/package_run_dependencies/prac_robot_description
[0.211s] -- Up-to-date symlink: /home/nimrod/ws_1/install/prac_robot_description/share/ament_index/resource_index/parent_prefix_path/prac_robot_description
[0.211s] -- Up-to-date symlink: /home/nimrod/ws_1/install/prac_robot_description/share/prac_robot_description/environment/ament_prefix_path.sh
[0.212s] -- Up-to-date symlink: /home/nimrod/ws_1/install/prac_robot_description/share/prac_robot_description/environment/ament_prefix_path.dsv
[0.212s] -- Up-to-date symlink: /home/nimrod/ws_1/install/prac_robot_description/share/prac_robot_description/environment/path.sh
[0.213s] -- Up-to-date symlink: /home/nimrod/ws_1/install/prac_robot_description/share/prac_robot_description/environment/path.dsv
[0.213s] -- Up-to-date symlink: /home/nimrod/ws_1/install/prac_robot_description/share/prac_robot_description/local_setup.bash
[0.214s] -- Up-to-date symlink: /home/nimrod/ws_1/install/prac_robot_description/share/prac_robot_description/local_setup.sh
[0.214s] -- Up-to-date symlink: /home/nimrod/ws_1/install/prac_robot_description/share/prac_robot_description/local_setup.zsh
[0.215s] -- Up-to-date symlink: /home/nimrod/ws_1/install/prac_robot_description/share/prac_robot_description/local_setup.dsv
[0.215s] -- Symlinking: /home/nimrod/ws_1/install/prac_robot_description/share/prac_robot_description/package.dsv
[0.241s] -- Up-to-date symlink: /home/nimrod/ws_1/install/prac_robot_description/share/ament_index/resource_index/packages/prac_robot_description
[0.242s] -- Up-to-date symlink: /home/nimrod/ws_1/install/prac_robot_description/share/prac_robot_description/cmake/prac_robot_descriptionConfig.cmake
[0.242s] -- Up-to-date symlink: /home/nimrod/ws_1/install/prac_robot_description/share/prac_robot_description/cmake/prac_robot_descriptionConfig-version.cmake
[0.243s] -- Up-to-date symlink: /home/nimrod/ws_1/install/prac_robot_description/share/prac_robot_description/package.xml
[0.248s] Invoked command in '/home/nimrod/ws_1/build/prac_robot_description' returned '0': CMAKE_PREFIX_PATH=${CMAKE_PREFIX_PATH}:/opt/ros/jazzy DEBUGINFOD_URLS=https://debuginfod.ubuntu.com /usr/bin/cmake --install /home/nimrod/ws_1/build/prac_robot_description
