[0.024s] Invoking command in '/home/nimrod/ws_1/build/prac_robot_description': CMAKE_PREFIX_PATH=${CMAKE_PREFIX_PATH}:/opt/ros/jazzy DEBUGINFOD_URLS=https://debuginfod.ubuntu.com /usr/bin/cmake --build /home/nimrod/ws_1/build/prac_robot_description -- -j4 -l4
[0.104s] Invoked command in '/home/nimrod/ws_1/build/prac_robot_description' returned '0': CMAKE_PREFIX_PATH=${CMAKE_PREFIX_PATH}:/opt/ros/jazzy DEBUGINFOD_URLS=https://debuginfod.ubuntu.com /usr/bin/cmake --build /home/nimrod/ws_1/build/prac_robot_description -- -j4 -l4
[0.128s] Invoking command in '/home/nimrod/ws_1/build/prac_robot_description': CMAKE_PREFIX_PATH=${CMAKE_PREFIX_PATH}:/opt/ros/jazzy DEBUGINFOD_URLS=https://debuginfod.ubuntu.com /usr/bin/cmake --install /home/nimrod/ws_1/build/prac_robot_description
[0.145s] -- Install configuration: ""
[0.146s] -- Execute custom install script
[0.146s] -- Up-to-date symlink: /home/nimrod/ws_1/install/prac_robot_description/share/prac_robot_description//urdf/mobile_base.xacro
[0.147s] -- Up-to-date symlink: /home/nimrod/ws_1/install/prac_robot_description/share/prac_robot_description//urdf/prac_robot.urdf.xacro
[0.147s] -- Up-to-date symlink: /home/nimrod/ws_1/install/prac_robot_description/share/prac_robot_description//urdf/properties.xacro
[0.147s] -- Up-to-date symlink: /home/nimrod/ws_1/install/prac_robot_description/share/prac_robot_description//launch/display.launch.xml
[0.148s] -- Up-to-date symlink: /home/nimrod/ws_1/install/prac_robot_description/share/prac_robot_description//rviz/urdf_Config.rviz
[0.148s] -- Up-to-date symlink: /home/nimrod/ws_1/install/prac_robot_description/share/ament_index/resource_index/package_run_dependencies/prac_robot_description
[0.149s] -- Up-to-date symlink: /home/nimrod/ws_1/install/prac_robot_description/share/ament_index/resource_index/parent_prefix_path/prac_robot_description
[0.149s] -- Up-to-date symlink: /home/nimrod/ws_1/install/prac_robot_description/share/prac_robot_description/environment/ament_prefix_path.sh
[0.150s] -- Up-to-date symlink: /home/nimrod/ws_1/install/prac_robot_description/share/prac_robot_description/environment/ament_prefix_path.dsv
[0.150s] -- Up-to-date symlink: /home/nimrod/ws_1/install/prac_robot_description/share/prac_robot_description/environment/path.sh
[0.151s] -- Up-to-date symlink: /home/nimrod/ws_1/install/prac_robot_description/share/prac_robot_description/environment/path.dsv
[0.151s] -- Up-to-date symlink: /home/nimrod/ws_1/install/prac_robot_description/share/prac_robot_description/local_setup.bash
[0.151s] -- Up-to-date symlink: /home/nimrod/ws_1/install/prac_robot_description/share/prac_robot_description/local_setup.sh
[0.152s] -- Up-to-date symlink: /home/nimrod/ws_1/install/prac_robot_description/share/prac_robot_description/local_setup.zsh
[0.152s] -- Up-to-date symlink: /home/nimrod/ws_1/install/prac_robot_description/share/prac_robot_description/local_setup.dsv
[0.152s] -- Symlinking: /home/nimrod/ws_1/install/prac_robot_description/share/prac_robot_description/package.dsv
[0.172s] -- Up-to-date symlink: /home/nimrod/ws_1/install/prac_robot_description/share/ament_index/resource_index/packages/prac_robot_description
[0.172s] -- Up-to-date symlink: /home/nimrod/ws_1/install/prac_robot_description/share/prac_robot_description/cmake/prac_robot_descriptionConfig.cmake
[0.173s] -- Up-to-date symlink: /home/nimrod/ws_1/install/prac_robot_description/share/prac_robot_description/cmake/prac_robot_descriptionConfig-version.cmake
[0.173s] -- Up-to-date symlink: /home/nimrod/ws_1/install/prac_robot_description/share/prac_robot_description/package.xml
[0.177s] Invoked command in '/home/nimrod/ws_1/build/prac_robot_description' returned '0': CMAKE_PREFIX_PATH=${CMAKE_PREFIX_PATH}:/opt/ros/jazzy DEBUGINFOD_URLS=https://debuginfod.ubuntu.com /usr/bin/cmake --install /home/nimrod/ws_1/build/prac_robot_description
