[0.026s] Invoking command in '/home/nimrod/Desktop/my_robot/my_robot-main/build/prac_robot_description': CMAKE_PREFIX_PATH=${CMAKE_PREFIX_PATH}:/opt/ros/jazzy DEBUGINFOD_URLS=https://debuginfod.ubuntu.com /usr/bin/cmake /home/nimrod/Desktop/my_robot/my_robot-main/src/prac_robot_description -DCMAKE_INSTALL_PREFIX=/home/nimrod/Desktop/my_robot/my_robot-main/install/prac_robot_description
[0.171s] -- The C compiler identification is GNU 13.3.0
[0.332s] -- The CXX compiler identification is GNU 13.3.0
[0.376s] -- Detecting C compiler ABI info
[0.666s] -- Detecting C compiler ABI info - done
[0.690s] -- Check for working C compiler: /usr/bin/cc - skipped
[0.690s] -- Detecting C compile features
[0.692s] -- Detecting C compile features - done
[0.720s] -- Detecting CXX compiler ABI info
[1.034s] -- Detecting CXX compiler ABI info - done
[1.077s] -- Check for working CXX compiler: /usr/bin/c++ - skipped
[1.078s] -- Detecting CXX compile features
[1.080s] -- Detecting CXX compile features - done
[1.097s] -- Found ament_cmake: 2.5.3 (/opt/ros/jazzy/share/ament_cmake/cmake)
[1.572s] -- Found Python3: /usr/bin/python3 (found version "3.12.3") found components: Interpreter 
[2.072s] -- Configuring done (2.0s)
[2.079s] -- Generating done (0.0s)
[2.083s] -- Build files have been written to: /home/nimrod/Desktop/my_robot/my_robot-main/build/prac_robot_description
[2.093s] Invoked command in '/home/nimrod/Desktop/my_robot/my_robot-main/build/prac_robot_description' returned '0': CMAKE_PREFIX_PATH=${CMAKE_PREFIX_PATH}:/opt/ros/jazzy DEBUGINFOD_URLS=https://debuginfod.ubuntu.com /usr/bin/cmake /home/nimrod/Desktop/my_robot/my_robot-main/src/prac_robot_description -DCMAKE_INSTALL_PREFIX=/home/nimrod/Desktop/my_robot/my_robot-main/install/prac_robot_description
[2.097s] Invoking command in '/home/nimrod/Desktop/my_robot/my_robot-main/build/prac_robot_description': CMAKE_PREFIX_PATH=${CMAKE_PREFIX_PATH}:/opt/ros/jazzy DEBUGINFOD_URLS=https://debuginfod.ubuntu.com /usr/bin/cmake --build /home/nimrod/Desktop/my_robot/my_robot-main/build/prac_robot_description -- -j4 -l4
[2.195s] Invoked command in '/home/nimrod/Desktop/my_robot/my_robot-main/build/prac_robot_description' returned '0': CMAKE_PREFIX_PATH=${CMAKE_PREFIX_PATH}:/opt/ros/jazzy DEBUGINFOD_URLS=https://debuginfod.ubuntu.com /usr/bin/cmake --build /home/nimrod/Desktop/my_robot/my_robot-main/build/prac_robot_description -- -j4 -l4
[2.221s] Invoking command in '/home/nimrod/Desktop/my_robot/my_robot-main/build/prac_robot_description': CMAKE_PREFIX_PATH=${CMAKE_PREFIX_PATH}:/opt/ros/jazzy DEBUGINFOD_URLS=https://debuginfod.ubuntu.com /usr/bin/cmake --install /home/nimrod/Desktop/my_robot/my_robot-main/build/prac_robot_description
[2.243s] -- Install configuration: ""
[2.244s] -- Installing: /home/nimrod/Desktop/my_robot/my_robot-main/install/prac_robot_description/share/prac_robot_description//urdf
[2.244s] -- Installing: /home/nimrod/Desktop/my_robot/my_robot-main/install/prac_robot_description/share/prac_robot_description//urdf/prac_robot.urdf.xacro
[2.245s] -- Installing: /home/nimrod/Desktop/my_robot/my_robot-main/install/prac_robot_description/share/prac_robot_description//urdf/properties.xacro
[2.246s] -- Installing: /home/nimrod/Desktop/my_robot/my_robot-main/install/prac_robot_description/share/prac_robot_description//urdf/mobile_base.xacro
[2.246s] -- Installing: /home/nimrod/Desktop/my_robot/my_robot-main/install/prac_robot_description/share/prac_robot_description//launch
[2.246s] -- Installing: /home/nimrod/Desktop/my_robot/my_robot-main/install/prac_robot_description/share/prac_robot_description//launch/display.launch.xml
[2.249s] -- Installing: /home/nimrod/Desktop/my_robot/my_robot-main/install/prac_robot_description/share/prac_robot_description//launch/prac_robot_gazebo.launch.py
[2.249s] -- Installing: /home/nimrod/Desktop/my_robot/my_robot-main/install/prac_robot_description/share/prac_robot_description//rviz
[2.250s] -- Installing: /home/nimrod/Desktop/my_robot/my_robot-main/install/prac_robot_description/share/prac_robot_description//rviz/urdf_Config.rviz
[2.251s] -- Installing: /home/nimrod/Desktop/my_robot/my_robot-main/install/prac_robot_description/share/ament_index/resource_index/package_run_dependencies/prac_robot_description
[2.253s] -- Installing: /home/nimrod/Desktop/my_robot/my_robot-main/install/prac_robot_description/share/ament_index/resource_index/parent_prefix_path/prac_robot_description
[2.254s] -- Installing: /home/nimrod/Desktop/my_robot/my_robot-main/install/prac_robot_description/share/prac_robot_description/environment/ament_prefix_path.sh
[2.255s] -- Installing: /home/nimrod/Desktop/my_robot/my_robot-main/install/prac_robot_description/share/prac_robot_description/environment/ament_prefix_path.dsv
[2.256s] -- Installing: /home/nimrod/Desktop/my_robot/my_robot-main/install/prac_robot_description/share/prac_robot_description/environment/path.sh
[2.256s] -- Installing: /home/nimrod/Desktop/my_robot/my_robot-main/install/prac_robot_description/share/prac_robot_description/environment/path.dsv
[2.257s] -- Installing: /home/nimrod/Desktop/my_robot/my_robot-main/install/prac_robot_description/share/prac_robot_description/local_setup.bash
[2.257s] -- Installing: /home/nimrod/Desktop/my_robot/my_robot-main/install/prac_robot_description/share/prac_robot_description/local_setup.sh
[2.258s] -- Installing: /home/nimrod/Desktop/my_robot/my_robot-main/install/prac_robot_description/share/prac_robot_description/local_setup.zsh
[2.258s] -- Installing: /home/nimrod/Desktop/my_robot/my_robot-main/install/prac_robot_description/share/prac_robot_description/local_setup.dsv
[2.259s] -- Installing: /home/nimrod/Desktop/my_robot/my_robot-main/install/prac_robot_description/share/prac_robot_description/package.dsv
[2.259s] -- Installing: /home/nimrod/Desktop/my_robot/my_robot-main/install/prac_robot_description/share/ament_index/resource_index/packages/prac_robot_description
[2.260s] -- Installing: /home/nimrod/Desktop/my_robot/my_robot-main/install/prac_robot_description/share/prac_robot_description/cmake/prac_robot_descriptionConfig.cmake
[2.261s] -- Installing: /home/nimrod/Desktop/my_robot/my_robot-main/install/prac_robot_description/share/prac_robot_description/cmake/prac_robot_descriptionConfig-version.cmake
[2.262s] -- Installing: /home/nimrod/Desktop/my_robot/my_robot-main/install/prac_robot_description/share/prac_robot_description/package.xml
[2.267s] Invoked command in '/home/nimrod/Desktop/my_robot/my_robot-main/build/prac_robot_description' returned '0': CMAKE_PREFIX_PATH=${CMAKE_PREFIX_PATH}:/opt/ros/jazzy DEBUGINFOD_URLS=https://debuginfod.ubuntu.com /usr/bin/cmake --install /home/nimrod/Desktop/my_robot/my_robot-main/build/prac_robot_description
