[0.022s] Invoking command in '/home/nimrod/ws_1/build/prac_robot_description': CMAKE_PREFIX_PATH=${CMAKE_PREFIX_PATH}:/opt/ros/jazzy DEBUGINFOD_URLS=https://debuginfod.ubuntu.com /usr/bin/cmake --build /home/nimrod/ws_1/build/prac_robot_description -- -j4 -l4
[0.067s] -- Found ament_cmake: 2.5.2 (/opt/ros/jazzy/share/ament_cmake/cmake)
[0.601s] -- Configuring done (0.5s)
[0.611s] -- Generating done (0.0s)
[0.615s] -- Build files have been written to: /home/nimrod/ws_1/build/prac_robot_description
[0.659s] Invoked command in '/home/nimrod/ws_1/build/prac_robot_description' returned '0': CMAKE_PREFIX_PATH=${CMAKE_PREFIX_PATH}:/opt/ros/jazzy DEBUGINFOD_URLS=https://debuginfod.ubuntu.com /usr/bin/cmake --build /home/nimrod/ws_1/build/prac_robot_description -- -j4 -l4
[0.678s] Invoking command in '/home/nimrod/ws_1/build/prac_robot_description': CMAKE_PREFIX_PATH=${CMAKE_PREFIX_PATH}:/opt/ros/jazzy DEBUGINFOD_URLS=https://debuginfod.ubuntu.com /usr/bin/cmake --install /home/nimrod/ws_1/build/prac_robot_description
[0.695s] -- Install configuration: ""
[0.695s] -- Up-to-date: /home/nimrod/ws_1/install/prac_robot_description/share/prac_robot_description//urdf
[0.695s] -- Up-to-date: /home/nimrod/ws_1/install/prac_robot_description/share/prac_robot_description//urdf/prac_robot.urdf
[0.695s] -- Installing: /home/nimrod/ws_1/install/prac_robot_description/share/prac_robot_description//launch
[0.696s] -- Installing: /home/nimrod/ws_1/install/prac_robot_description/share/prac_robot_description//launch/display.launch.xml
[0.696s] -- Up-to-date: /home/nimrod/ws_1/install/prac_robot_description/share/ament_index/resource_index/package_run_dependencies/prac_robot_description
[0.697s] -- Up-to-date: /home/nimrod/ws_1/install/prac_robot_description/share/ament_index/resource_index/parent_prefix_path/prac_robot_description
[0.697s] -- Up-to-date: /home/nimrod/ws_1/install/prac_robot_description/share/prac_robot_description/environment/ament_prefix_path.sh
[0.697s] -- Up-to-date: /home/nimrod/ws_1/install/prac_robot_description/share/prac_robot_description/environment/ament_prefix_path.dsv
[0.697s] -- Up-to-date: /home/nimrod/ws_1/install/prac_robot_description/share/prac_robot_description/environment/path.sh
[0.697s] -- Up-to-date: /home/nimrod/ws_1/install/prac_robot_description/share/prac_robot_description/environment/path.dsv
[0.698s] -- Up-to-date: /home/nimrod/ws_1/install/prac_robot_description/share/prac_robot_description/local_setup.bash
[0.698s] -- Up-to-date: /home/nimrod/ws_1/install/prac_robot_description/share/prac_robot_description/local_setup.sh
[0.698s] -- Up-to-date: /home/nimrod/ws_1/install/prac_robot_description/share/prac_robot_description/local_setup.zsh
[0.698s] -- Up-to-date: /home/nimrod/ws_1/install/prac_robot_description/share/prac_robot_description/local_setup.dsv
[0.699s] -- Up-to-date: /home/nimrod/ws_1/install/prac_robot_description/share/prac_robot_description/package.dsv
[0.699s] -- Up-to-date: /home/nimrod/ws_1/install/prac_robot_description/share/ament_index/resource_index/packages/prac_robot_description
[0.700s] -- Up-to-date: /home/nimrod/ws_1/install/prac_robot_description/share/prac_robot_description/cmake/prac_robot_descriptionConfig.cmake
[0.701s] -- Up-to-date: /home/nimrod/ws_1/install/prac_robot_description/share/prac_robot_description/cmake/prac_robot_descriptionConfig-version.cmake
[0.701s] -- Up-to-date: /home/nimrod/ws_1/install/prac_robot_description/share/prac_robot_description/package.xml
[0.702s] Invoked command in '/home/nimrod/ws_1/build/prac_robot_description' returned '0': CMAKE_PREFIX_PATH=${CMAKE_PREFIX_PATH}:/opt/ros/jazzy DEBUGINFOD_URLS=https://debuginfod.ubuntu.com /usr/bin/cmake --install /home/nimrod/ws_1/build/prac_robot_description
