[0.021s] Invoking command in '/home/nimrod/ws_1/build/prac_robot_description': CMAKE_PREFIX_PATH=${CMAKE_PREFIX_PATH}:/opt/ros/jazzy DEBUGINFOD_URLS=https://debuginfod.ubuntu.com /usr/bin/cmake /home/nimrod/ws_1/src/prac_robot_description -DCMAKE_INSTALL_PREFIX=/home/nimrod/ws_1/install/prac_robot_description
[0.129s] -- The C compiler identification is GNU 13.3.0
[0.245s] -- The CXX compiler identification is GNU 13.3.0
[0.275s] -- Detecting C compiler ABI info
[0.492s] -- Detecting C compiler ABI info - done
[0.523s] -- Check for working C compiler: /usr/bin/cc - skipped
[0.524s] -- Detecting C compile features
[0.525s] -- Detecting C compile features - done
[0.550s] -- Detecting CXX compiler ABI info
[0.798s] -- Detecting CXX compiler ABI info - done
[0.822s] -- Check for working CXX compiler: /usr/bin/c++ - skipped
[0.823s] -- Detecting CXX compile features
[0.824s] -- Detecting CXX compile features - done
[0.830s] -- Found ament_cmake: 2.5.2 (/opt/ros/jazzy/share/ament_cmake/cmake)
[1.125s] -- Found Python3: /usr/bin/python3 (found version "3.12.3") found components: Interpreter 
[1.500s] -- Configuring done (1.5s)
[1.509s] -- Generating done (0.0s)
[1.512s] -- Build files have been written to: /home/nimrod/ws_1/build/prac_robot_description
[1.522s] Invoked command in '/home/nimrod/ws_1/build/prac_robot_description' returned '0': CMAKE_PREFIX_PATH=${CMAKE_PREFIX_PATH}:/opt/ros/jazzy DEBUGINFOD_URLS=https://debuginfod.ubuntu.com /usr/bin/cmake /home/nimrod/ws_1/src/prac_robot_description -DCMAKE_INSTALL_PREFIX=/home/nimrod/ws_1/install/prac_robot_description
[1.525s] Invoking command in '/home/nimrod/ws_1/build/prac_robot_description': CMAKE_PREFIX_PATH=${CMAKE_PREFIX_PATH}:/opt/ros/jazzy DEBUGINFOD_URLS=https://debuginfod.ubuntu.com /usr/bin/cmake --build /home/nimrod/ws_1/build/prac_robot_description -- -j4 -l4
[1.609s] Invoked command in '/home/nimrod/ws_1/build/prac_robot_description' returned '0': CMAKE_PREFIX_PATH=${CMAKE_PREFIX_PATH}:/opt/ros/jazzy DEBUGINFOD_URLS=https://debuginfod.ubuntu.com /usr/bin/cmake --build /home/nimrod/ws_1/build/prac_robot_description -- -j4 -l4
[1.629s] Invoking command in '/home/nimrod/ws_1/build/prac_robot_description': CMAKE_PREFIX_PATH=${CMAKE_PREFIX_PATH}:/opt/ros/jazzy DEBUGINFOD_URLS=https://debuginfod.ubuntu.com /usr/bin/cmake --install /home/nimrod/ws_1/build/prac_robot_description
[1.646s] -- Install configuration: ""
[1.646s] -- Installing: /home/nimrod/ws_1/install/prac_robot_description/share/prac_robot_description//urdf
[1.647s] -- Installing: /home/nimrod/ws_1/install/prac_robot_description/share/prac_robot_description//urdf/prac_robot.urdf
[1.647s] -- Installing: /home/nimrod/ws_1/install/prac_robot_description/share/ament_index/resource_index/package_run_dependencies/prac_robot_description
[1.647s] -- Installing: /home/nimrod/ws_1/install/prac_robot_description/share/ament_index/resource_index/parent_prefix_path/prac_robot_description
[1.648s] -- Installing: /home/nimrod/ws_1/install/prac_robot_description/share/prac_robot_description/environment/ament_prefix_path.sh
[1.648s] -- Installing: /home/nimrod/ws_1/install/prac_robot_description/share/prac_robot_description/environment/ament_prefix_path.dsv
[1.648s] -- Installing: /home/nimrod/ws_1/install/prac_robot_description/share/prac_robot_description/environment/path.sh
[1.649s] -- Installing: /home/nimrod/ws_1/install/prac_robot_description/share/prac_robot_description/environment/path.dsv
[1.649s] -- Installing: /home/nimrod/ws_1/install/prac_robot_description/share/prac_robot_description/local_setup.bash
[1.649s] -- Installing: /home/nimrod/ws_1/install/prac_robot_description/share/prac_robot_description/local_setup.sh
[1.650s] -- Installing: /home/nimrod/ws_1/install/prac_robot_description/share/prac_robot_description/local_setup.zsh
[1.650s] -- Installing: /home/nimrod/ws_1/install/prac_robot_description/share/prac_robot_description/local_setup.dsv
[1.650s] -- Installing: /home/nimrod/ws_1/install/prac_robot_description/share/prac_robot_description/package.dsv
[1.651s] -- Installing: /home/nimrod/ws_1/install/prac_robot_description/share/ament_index/resource_index/packages/prac_robot_description
[1.651s] -- Installing: /home/nimrod/ws_1/install/prac_robot_description/share/prac_robot_description/cmake/prac_robot_descriptionConfig.cmake
[1.651s] -- Installing: /home/nimrod/ws_1/install/prac_robot_description/share/prac_robot_description/cmake/prac_robot_descriptionConfig-version.cmake
[1.651s] -- Installing: /home/nimrod/ws_1/install/prac_robot_description/share/prac_robot_description/package.xml
[1.655s] Invoked command in '/home/nimrod/ws_1/build/prac_robot_description' returned '0': CMAKE_PREFIX_PATH=${CMAKE_PREFIX_PATH}:/opt/ros/jazzy DEBUGINFOD_URLS=https://debuginfod.ubuntu.com /usr/bin/cmake --install /home/nimrod/ws_1/build/prac_robot_description
