-- Found ament_cmake: 2.5.2 (/opt/ros/jazzy/share/ament_cmake/cmake)
-- Override CMake install command with custom implementation using symlinks instead of copying resources
-- Configuring done (0.6s)
-- Generating done (0.0s)
-- Build files have been written to: /home/nimrod/ws_1/build/prac_robot_description
-- Install configuration: ""
-- Execute custom install script
-- Symlinking: /home/nimrod/ws_1/install/prac_robot_description/share/prac_robot_description//urdf/prac_robot.urdf.xacro
-- Symlinking: /home/nimrod/ws_1/install/prac_robot_description/share/prac_robot_description//launch/display.launch.xml
-- Symlinking: /home/nimrod/ws_1/install/prac_robot_description/share/prac_robot_description//rviz/urdf_Config.rviz
-- Symlinking: /home/nimrod/ws_1/install/prac_robot_description/share/ament_index/resource_index/package_run_dependencies/prac_robot_description
-- Symlinking: /home/nimrod/ws_1/install/prac_robot_description/share/ament_index/resource_index/parent_prefix_path/prac_robot_description
-- Symlinking: /home/nimrod/ws_1/install/prac_robot_description/share/prac_robot_description/environment/ament_prefix_path.sh
-- Symlinking: /home/nimrod/ws_1/install/prac_robot_description/share/prac_robot_description/environment/ament_prefix_path.dsv
-- Symlinking: /home/nimrod/ws_1/install/prac_robot_description/share/prac_robot_description/environment/path.sh
-- Symlinking: /home/nimrod/ws_1/install/prac_robot_description/share/prac_robot_description/environment/path.dsv
-- Symlinking: /home/nimrod/ws_1/install/prac_robot_description/share/prac_robot_description/local_setup.bash
-- Symlinking: /home/nimrod/ws_1/install/prac_robot_description/share/prac_robot_description/local_setup.sh
-- Symlinking: /home/nimrod/ws_1/install/prac_robot_description/share/prac_robot_description/local_setup.zsh
-- Symlinking: /home/nimrod/ws_1/install/prac_robot_description/share/prac_robot_description/local_setup.dsv
-- Symlinking: /home/nimrod/ws_1/install/prac_robot_description/share/prac_robot_description/package.dsv
-- Symlinking: /home/nimrod/ws_1/install/prac_robot_description/share/ament_index/resource_index/packages/prac_robot_description
-- Symlinking: /home/nimrod/ws_1/install/prac_robot_description/share/prac_robot_description/cmake/prac_robot_descriptionConfig.cmake
-- Symlinking: /home/nimrod/ws_1/install/prac_robot_description/share/prac_robot_description/cmake/prac_robot_descriptionConfig-version.cmake
-- Symlinking: /home/nimrod/ws_1/install/prac_robot_description/share/prac_robot_description/package.xml
