[0.032s] Invoking command in '/home/nimrod/Desktop/my_robot/my_robot-main/build/prac_robot_description': CMAKE_PREFIX_PATH=${CMAKE_PREFIX_PATH}:/opt/ros/jazzy DEBUGINFOD_URLS=https://debuginfod.ubuntu.com /usr/bin/cmake /home/nimrod/Desktop/my_robot/my_robot-main/src/prac_robot_description -DCMAKE_INSTALL_PREFIX=/home/nimrod/Desktop/my_robot/my_robot-main/install/prac_robot_description
[0.215s] -- The C compiler identification is GNU 13.3.0
[0.393s] -- The CXX compiler identification is GNU 13.3.0
[0.436s] -- Detecting C compiler ABI info
[0.656s] -- Detecting C compiler ABI info - done
[0.679s] -- Check for working C compiler: /usr/bin/cc - skipped
[0.679s] -- Detecting C compile features
[0.681s] -- Detecting C compile features - done
[0.703s] -- Detecting CXX compiler ABI info
[0.955s] -- Detecting CXX compiler ABI info - done
[0.978s] -- Check for working CXX compiler: /usr/bin/c++ - skipped
[0.978s] -- Detecting CXX compile features
[0.979s] -- Detecting CXX compile features - done
[0.992s] -- Found ament_cmake: 2.5.3 (/opt/ros/jazzy/share/ament_cmake/cmake)
[1.353s] -- Found Python3: /usr/bin/python3 (found version "3.12.3") found components: Interpreter 
[1.847s] -- Configuring done (1.8s)
[1.854s] -- Generating done (0.0s)
[1.860s] -- Build files have been written to: /home/nimrod/Desktop/my_robot/my_robot-main/build/prac_robot_description
[1.870s] Invoked command in '/home/nimrod/Desktop/my_robot/my_robot-main/build/prac_robot_description' returned '0': CMAKE_PREFIX_PATH=${CMAKE_PREFIX_PATH}:/opt/ros/jazzy DEBUGINFOD_URLS=https://debuginfod.ubuntu.com /usr/bin/cmake /home/nimrod/Desktop/my_robot/my_robot-main/src/prac_robot_description -DCMAKE_INSTALL_PREFIX=/home/nimrod/Desktop/my_robot/my_robot-main/install/prac_robot_description
[1.873s] Invoking command in '/home/nimrod/Desktop/my_robot/my_robot-main/build/prac_robot_description': CMAKE_PREFIX_PATH=${CMAKE_PREFIX_PATH}:/opt/ros/jazzy DEBUGINFOD_URLS=https://debuginfod.ubuntu.com /usr/bin/cmake --build /home/nimrod/Desktop/my_robot/my_robot-main/build/prac_robot_description -- -j4 -l4
[1.973s] Invoked command in '/home/nimrod/Desktop/my_robot/my_robot-main/build/prac_robot_description' returned '0': CMAKE_PREFIX_PATH=${CMAKE_PREFIX_PATH}:/opt/ros/jazzy DEBUGINFOD_URLS=https://debuginfod.ubuntu.com /usr/bin/cmake --build /home/nimrod/Desktop/my_robot/my_robot-main/build/prac_robot_description -- -j4 -l4
[1.997s] Invoking command in '/home/nimrod/Desktop/my_robot/my_robot-main/build/prac_robot_description': CMAKE_PREFIX_PATH=${CMAKE_PREFIX_PATH}:/opt/ros/jazzy DEBUGINFOD_URLS=https://debuginfod.ubuntu.com /usr/bin/cmake --install /home/nimrod/Desktop/my_robot/my_robot-main/build/prac_robot_description
[2.021s] -- Install configuration: ""
[2.022s] -- Installing: /home/nimrod/Desktop/my_robot/my_robot-main/install/prac_robot_description/share/prac_robot_description//urdf
[2.023s] -- Installing: /home/nimrod/Desktop/my_robot/my_robot-main/install/prac_robot_description/share/prac_robot_description//urdf/prac_robot.urdf.xacro
[2.024s] -- Installing: /home/nimrod/Desktop/my_robot/my_robot-main/install/prac_robot_description/share/prac_robot_description//urdf/properties.xacro
[2.024s] -- Installing: /home/nimrod/Desktop/my_robot/my_robot-main/install/prac_robot_description/share/prac_robot_description//urdf/mobile_base.xacro
[2.024s] -- Installing: /home/nimrod/Desktop/my_robot/my_robot-main/install/prac_robot_description/share/prac_robot_description//launch
[2.025s] -- Installing: /home/nimrod/Desktop/my_robot/my_robot-main/install/prac_robot_description/share/prac_robot_description//launch/display.launch.xml
[2.027s] -- Installing: /home/nimrod/Desktop/my_robot/my_robot-main/install/prac_robot_description/share/prac_robot_description//launch/prac_robot_gazebo.launch.py
[2.028s] -- Installing: /home/nimrod/Desktop/my_robot/my_robot-main/install/prac_robot_description/share/prac_robot_description//rviz
[2.028s] -- Installing: /home/nimrod/Desktop/my_robot/my_robot-main/install/prac_robot_description/share/prac_robot_description//rviz/urdf_Config.rviz
[2.029s] -- Installing: /home/nimrod/Desktop/my_robot/my_robot-main/install/prac_robot_description/share/ament_index/resource_index/package_run_dependencies/prac_robot_description
[2.032s] -- Installing: /home/nimrod/Desktop/my_robot/my_robot-main/install/prac_robot_description/share/ament_index/resource_index/parent_prefix_path/prac_robot_description
[2.033s] -- Installing: /home/nimrod/Desktop/my_robot/my_robot-main/install/prac_robot_description/share/prac_robot_description/environment/ament_prefix_path.sh
[2.034s] -- Installing: /home/nimrod/Desktop/my_robot/my_robot-main/install/prac_robot_description/share/prac_robot_description/environment/ament_prefix_path.dsv
[2.034s] -- Installing: /home/nimrod/Desktop/my_robot/my_robot-main/install/prac_robot_description/share/prac_robot_description/environment/path.sh
[2.035s] -- Installing: /home/nimrod/Desktop/my_robot/my_robot-main/install/prac_robot_description/share/prac_robot_description/environment/path.dsv
[2.035s] -- Installing: /home/nimrod/Desktop/my_robot/my_robot-main/install/prac_robot_description/share/prac_robot_description/local_setup.bash
[2.035s] -- Installing: /home/nimrod/Desktop/my_robot/my_robot-main/install/prac_robot_description/share/prac_robot_description/local_setup.sh
[2.036s] -- Installing: /home/nimrod/Desktop/my_robot/my_robot-main/install/prac_robot_description/share/prac_robot_description/local_setup.zsh
[2.036s] -- Installing: /home/nimrod/Desktop/my_robot/my_robot-main/install/prac_robot_description/share/prac_robot_description/local_setup.dsv
[2.037s] -- Installing: /home/nimrod/Desktop/my_robot/my_robot-main/install/prac_robot_description/share/prac_robot_description/package.dsv
[2.037s] -- Installing: /home/nimrod/Desktop/my_robot/my_robot-main/install/prac_robot_description/share/ament_index/resource_index/packages/prac_robot_description
[2.038s] -- Installing: /home/nimrod/Desktop/my_robot/my_robot-main/install/prac_robot_description/share/prac_robot_description/cmake/prac_robot_descriptionConfig.cmake
[2.038s] -- Installing: /home/nimrod/Desktop/my_robot/my_robot-main/install/prac_robot_description/share/prac_robot_description/cmake/prac_robot_descriptionConfig-version.cmake
[2.048s] -- Installing: /home/nimrod/Desktop/my_robot/my_robot-main/install/prac_robot_description/share/prac_robot_description/package.xml
[2.049s] Invoked command in '/home/nimrod/Desktop/my_robot/my_robot-main/build/prac_robot_description' returned '0': CMAKE_PREFIX_PATH=${CMAKE_PREFIX_PATH}:/opt/ros/jazzy DEBUGINFOD_URLS=https://debuginfod.ubuntu.com /usr/bin/cmake --install /home/nimrod/Desktop/my_robot/my_robot-main/build/prac_robot_description
